<?xml version="1.0" encoding="UTF-8"?>
<testsuite xmlns:xsi="http://www.w3.org/2001/XMLSchema-instance" xsi:noNamespaceSchemaLocation="https://maven.apache.org/surefire/maven-surefire-plugin/xsd/surefire-test-report-3.0.xsd" version="3.0" name="com.wholesaled.AuthentificationApplicationTests" time="33.955" tests="1" errors="0" skipped="0" failures="0">
  <properties>
[...]
</properties>
  <testcase name="contextLoads" classname="com.wholesaled.AuthentificationApplicationTests" time="0.568">
    <system-out><![CDATA[15:46:16.854 [main] INFO org.springframework.test.context.support.AnnotationConfigContextLoaderUtils -- Could not detect default configuration classes for test class [com.wholesaled.AuthentificationApplicationTests]: AuthentificationApplicationTests does not declare any static, non-private, non-final, nested classes annotated with @Configuration.
15:46:17.069 [main] INFO org.springframework.boot.test.context.SpringBootTestContextBootstrapper -- Found @SpringBootConfiguration com.wholesaled.AuthenticationApplication for test class com.wholesaled.AuthentificationApplicationTests

  .   ____          _            __ _ _
 /\\ / ___'_ __ _ _(_)_ __  __ _ \ \ \ \
( ( )\___ | '_ | '_| | '_ \/ _` | \ \ \ \
 \\/  ___)| |_)| | | | | || (_| |  ) ) ) )
  '  |____| .__|_| |_|_| |_\__, | / / / /
 =========|_|==============|___/=/_/_/_/

 :: Spring Boot ::       (v3.3.2-SNAPSHOT)

2024-08-14T15:46:18.087+01:00  INFO 12624 --- [Auth-ClientSide-service] [           main] c.w.AuthentificationApplicationTests     : Starting AuthentificationApplicationTests using Java 22.0.1 with PID 12624 (started by HP in C:\Users\HP\OneDrive\Bureau\Projects\Client-Auth&Side)
2024-08-14T15:46:18.090+01:00 DEBUG 12624 --- [Auth-ClientSide-service] [           main] c.w.AuthentificationApplicationTests     : Running with Spring Boot v3.3.2-SNAPSHOT, Spring v6.1.11
2024-08-14T15:46:18.091+01:00  INFO 12624 --- [Auth-ClientSide-service] [           main] c.w.AuthentificationApplicationTests     : No active profile set, falling back to 1 default profile: "default"
2024-08-14T15:46:18.093+01:00 DEBUG 12624 --- [Auth-ClientSide-service] [           main] o.s.boot.SpringApplication               : Loading source class com.wholesaled.AuthenticationApplication
2024-08-14T15:46:18.195+01:00 DEBUG 12624 --- [Auth-ClientSide-service] [           main] o.s.w.c.s.GenericWebApplicationContext   : Refreshing org.springframework.web.context.support.GenericWebApplicationContext@57bd802b
2024-08-14T15:46:18.245+01:00 DEBUG 12624 --- [Auth-ClientSide-service] [           main] o.s.b.f.s.DefaultListableBeanFactory     : Creating shared instance of singleton bean 'org.springframework.context.annotation.internalConfigurationAnnotationProcessor'
2024-08-14T15:46:18.273+01:00 DEBUG 12624 --- [Auth-ClientSide-service] [           main] o.s.b.f.s.DefaultListableBeanFactory     : Creating shared instance of singleton bean 'org.springframework.boot.autoconfigure.internalCachingMetadataReaderFactory'
2024-08-14T15:46:18.368+01:00 DEBUG 12624 --- [Auth-ClientSide-service] [           main] o.s.c.a.ClassPathBeanDefinitionScanner   : Identified candidate component class: file [C:\Users\HP\OneDrive\Bureau\Projects\Client-Auth&Side\target\classes\com\wholesaled\authentification\controller\AuthController.class]
2024-08-14T15:46:18.379+01:00 DEBUG 12624 --- [Auth-ClientSide-service] [           main] o.s.c.a.ClassPathBeanDefinitionScanner   : Identified candidate component class: file [C:\Users\HP\OneDrive\Bureau\Projects\Client-Auth&Side\target\classes\com\wholesaled\authentification\exception\GlobalExceptionHandler.class]
2024-08-14T15:46:18.404+01:00 DEBUG 12624 --- [Auth-ClientSide-service] [           main] o.s.c.a.ClassPathBeanDefinitionScanner   : Identified candidate component class: file [C:\Users\HP\OneDrive\Bureau\Projects\Client-Auth&Side\target\classes\com\wholesaled\authentification\otp\controller\OtpController.class]
2024-08-14T15:46:18.419+01:00 DEBUG 12624 --- [Auth-ClientSide-service] [           main] o.s.c.a.ClassPathBeanDefinitionScanner   : Ignored because not a concrete top-level class: file [C:\Users\HP\OneDrive\Bureau\Projects\Client-Auth&Side\target\classes\com\wholesaled\authentification\otp\repository\OtpRepository.class]
2024-08-14T15:46:18.422+01:00 DEBUG 12624 --- [Auth-ClientSide-service] [           main] o.s.c.a.ClassPathBeanDefinitionScanner   : Identified candidate component class: file [C:\Users\HP\OneDrive\Bureau\Projects\Client-Auth&Side\target\classes\com\wholesaled\authentification\otp\service\Impl\EmailServiceImpl.class]
2024-08-14T15:46:18.424+01:00 DEBUG 12624 --- [Auth-ClientSide-service] [           main] o.s.c.a.ClassPathBeanDefinitionScanner   : Identified candidate component class: file [C:\Users\HP\OneDrive\Bureau\Projects\Client-Auth&Side\target\classes\com\wholesaled\authentification\otp\service\Impl\OtpServiceImpl.class]
2024-08-14T15:46:18.436+01:00 DEBUG 12624 --- [Auth-ClientSide-service] [           main] o.s.c.a.ClassPathBeanDefinitionScanner   : Ignored because not a concrete top-level class: file [C:\Users\HP\OneDrive\Bureau\Projects\Client-Auth&Side\target\classes\com\wholesaled\authentification\repository\UserRepository.class]
2024-08-14T15:46:18.444+01:00 DEBUG 12624 --- [Auth-ClientSide-service] [           main] o.s.c.a.ClassPathBeanDefinitionScanner   : Identified candidate component class: file [C:\Users\HP\OneDrive\Bureau\Projects\Client-Auth&Side\target\classes\com\wholesaled\authentification\Service\Impl\UserServiceImpl.class]
2024-08-14T15:46:18.452+01:00 DEBUG 12624 --- [Auth-ClientSide-service] [           main] o.s.c.a.ClassPathBeanDefinitionScanner   : Identified candidate component class: file [C:\Users\HP\OneDrive\Bureau\Projects\Client-Auth&Side\target\classes\com\wholesaled\clientsideservice\adminOrder\AdminOrderController.class]
2024-08-14T15:46:18.454+01:00 DEBUG 12624 --- [Auth-ClientSide-service] [           main] o.s.c.a.ClassPathBeanDefinitionScanner   : Identified candidate component class: file [C:\Users\HP\OneDrive\Bureau\Projects\Client-Auth&Side\target\classes\com\wholesaled\clientsideservice\adminOrder\AdminOrderService.class]
2024-08-14T15:46:18.462+01:00 DEBUG 12624 --- [Auth-ClientSide-service] [           main] o.s.c.a.ClassPathBeanDefinitionScanner   : Identified candidate component class: file [C:\Users\HP\OneDrive\Bureau\Projects\Client-Auth&Side\target\classes\com\wholesaled\clientsideservice\Config\AppProperties.class]
2024-08-14T15:46:18.470+01:00 DEBUG 12624 --- [Auth-ClientSide-service] [           main] o.s.c.a.ClassPathBeanDefinitionScanner   : Identified candidate component class: file [C:\Users\HP\OneDrive\Bureau\Projects\Client-Auth&Side\target\classes\com\wholesaled\clientsideservice\Config\CorsConfig.class]
2024-08-14T15:46:18.471+01:00 DEBUG 12624 --- [Auth-ClientSide-service] [           main] o.s.c.a.ClassPathBeanDefinitionScanner   : Identified candidate component class: file [C:\Users\HP\OneDrive\Bureau\Projects\Client-Auth&Side\target\classes\com\wholesaled\clientsideservice\Config\ModelMapperConfig.class]
2024-08-14T15:46:18.474+01:00 DEBUG 12624 --- [Auth-ClientSide-service] [           main] o.s.c.a.ClassPathBeanDefinitionScanner   : Identified candidate component class: file [C:\Users\HP\OneDrive\Bureau\Projects\Client-Auth&Side\target\classes\com\wholesaled\clientsideservice\Config\MvcConfig.class]
2024-08-14T15:46:18.476+01:00 DEBUG 12624 --- [Auth-ClientSide-service] [           main] o.s.c.a.ClassPathBeanDefinitionScanner   : Identified candidate component class: file [C:\Users\HP\OneDrive\Bureau\Projects\Client-Auth&Side\target\classes\com\wholesaled\clientsideservice\Config\ObjectMapperConfig.class]
2024-08-14T15:46:18.480+01:00 DEBUG 12624 --- [Auth-ClientSide-service] [           main] o.s.c.a.ClassPathBeanDefinitionScanner   : Identified candidate component class: file [C:\Users\HP\OneDrive\Bureau\Projects\Client-Auth&Side\target\classes\com\wholesaled\clientsideservice\Controller\CartController.class]
2024-08-14T15:46:18.482+01:00 DEBUG 12624 --- [Auth-ClientSide-service] [           main] o.s.c.a.ClassPathBeanDefinitionScanner   : Identified candidate component class: file [C:\Users\HP\OneDrive\Bureau\Projects\Client-Auth&Side\target\classes\com\wholesaled\clientsideservice\Controller\CartElementController.class]
2024-08-14T15:46:18.487+01:00 DEBUG 12624 --- [Auth-ClientSide-service] [           main] o.s.c.a.ClassPathBeanDefinitionScanner   : Identified candidate component class: file [C:\Users\HP\OneDrive\Bureau\Projects\Client-Auth&Side\target\classes\com\wholesaled\clientsideservice\Controller\ClientController.class]
2024-08-14T15:46:18.489+01:00 DEBUG 12624 --- [Auth-ClientSide-service] [           main] o.s.c.a.ClassPathBeanDefinitionScanner   : Identified candidate component class: file [C:\Users\HP\OneDrive\Bureau\Projects\Client-Auth&Side\target\classes\com\wholesaled\clientsideservice\Controller\CommentController.class]
2024-08-14T15:46:18.491+01:00 DEBUG 12624 --- [Auth-ClientSide-service] [           main] o.s.c.a.ClassPathBeanDefinitionScanner   : Identified candidate component class: file [C:\Users\HP\OneDrive\Bureau\Projects\Client-Auth&Side\target\classes\com\wholesaled\clientsideservice\Controller\OrderController.class]
2024-08-14T15:46:18.493+01:00 DEBUG 12624 --- [Auth-ClientSide-service] [           main] o.s.c.a.ClassPathBeanDefinitionScanner   : Identified candidate component class: file [C:\Users\HP\OneDrive\Bureau\Projects\Client-Auth&Side\target\classes\com\wholesaled\clientsideservice\Controller\ProductController.class]
2024-08-14T15:46:18.494+01:00 DEBUG 12624 --- [Auth-ClientSide-service] [           main] o.s.c.a.ClassPathBeanDefinitionScanner   : Identified candidate component class: file [C:\Users\HP\OneDrive\Bureau\Projects\Client-Auth&Side\target\classes\com\wholesaled\clientsideservice\Controller\SseController.class]
2024-08-14T15:46:18.512+01:00 DEBUG 12624 --- [Auth-ClientSide-service] [           main] o.s.c.a.ClassPathBeanDefinitionScanner   : Identified candidate component class: file [C:\Users\HP\OneDrive\Bureau\Projects\Client-Auth&Side\target\classes\com\wholesaled\clientsideservice\Dto\ProductMapper.class]
2024-08-14T15:46:18.533+01:00 DEBUG 12624 --- [Auth-ClientSide-service] [           main] o.s.c.a.ClassPathBeanDefinitionScanner   : Identified candidate component class: file [C:\Users\HP\OneDrive\Bureau\Projects\Client-Auth&Side\target\classes\com\wholesaled\clientsideservice\Fiegn\FeignClientConfiguration.class]
2024-08-14T15:46:18.559+01:00 DEBUG 12624 --- [Auth-ClientSide-service] [           main] o.s.c.a.ClassPathBeanDefinitionScanner   : Ignored because not a concrete top-level class: file [C:\Users\HP\OneDrive\Bureau\Projects\Client-Auth&Side\target\classes\com\wholesaled\clientsideservice\Repository\CartElementRepository.class]
2024-08-14T15:46:18.560+01:00 DEBUG 12624 --- [Auth-ClientSide-service] [           main] o.s.c.a.ClassPathBeanDefinitionScanner   : Ignored because not a concrete top-level class: file [C:\Users\HP\OneDrive\Bureau\Projects\Client-Auth&Side\target\classes\com\wholesaled\clientsideservice\Repository\CartRepository.class]
2024-08-14T15:46:18.563+01:00 DEBUG 12624 --- [Auth-ClientSide-service] [           main] o.s.c.a.ClassPathBeanDefinitionScanner   : Ignored because not a concrete top-level class: file [C:\Users\HP\OneDrive\Bureau\Projects\Client-Auth&Side\target\classes\com\wholesaled\clientsideservice\Repository\CategoryRepository.class]
2024-08-14T15:46:18.567+01:00 DEBUG 12624 --- [Auth-ClientSide-service] [           main] o.s.c.a.ClassPathBeanDefinitionScanner   : Ignored because not a concrete top-level class: file [C:\Users\HP\OneDrive\Bureau\Projects\Client-Auth&Side\target\classes\com\wholesaled\clientsideservice\Repository\CommentRepository.class]
2024-08-14T15:46:18.568+01:00 DEBUG 12624 --- [Auth-ClientSide-service] [           main] o.s.c.a.ClassPathBeanDefinitionScanner   : Ignored because not a concrete top-level class: file [C:\Users\HP\OneDrive\Bureau\Projects\Client-Auth&Side\target\classes\com\wholesaled\clientsideservice\Repository\ImagesRepository.class]
2024-08-14T15:46:18.569+01:00 DEBUG 12624 --- [Auth-ClientSide-service] [           main] o.s.c.a.ClassPathBeanDefinitionScanner   : Ignored because not a concrete top-level class: file [C:\Users\HP\OneDrive\Bureau\Projects\Client-Auth&Side\target\classes\com\wholesaled\clientsideservice\Repository\OrderElementRepository.class]
2024-08-14T15:46:18.571+01:00 DEBUG 12624 --- [Auth-ClientSide-service] [           main] o.s.c.a.ClassPathBeanDefinitionScanner   : Ignored because not a concrete top-level class: file [C:\Users\HP\OneDrive\Bureau\Projects\Client-Auth&Side\target\classes\com\wholesaled\clientsideservice\Repository\OrderRepository.class]
2024-08-14T15:46:18.574+01:00 DEBUG 12624 --- [Auth-ClientSide-service] [           main] o.s.c.a.ClassPathBeanDefinitionScanner   : Ignored because not a concrete top-level class: file [C:\Users\HP\OneDrive\Bureau\Projects\Client-Auth&Side\target\classes\com\wholesaled\clientsideservice\Repository\ProductRepository.class]
2024-08-14T15:46:18.576+01:00 DEBUG 12624 --- [Auth-ClientSide-service] [           main] o.s.c.a.ClassPathBeanDefinitionScanner   : Identified candidate component class: file [C:\Users\HP\OneDrive\Bureau\Projects\Client-Auth&Side\target\classes\com\wholesaled\clientsideservice\Service\CartElementService.class]
2024-08-14T15:46:18.577+01:00 DEBUG 12624 --- [Auth-ClientSide-service] [           main] o.s.c.a.ClassPathBeanDefinitionScanner   : Identified candidate component class: file [C:\Users\HP\OneDrive\Bureau\Projects\Client-Auth&Side\target\classes\com\wholesaled\clientsideservice\Service\CartService.class]
2024-08-14T15:46:18.579+01:00 DEBUG 12624 --- [Auth-ClientSide-service] [           main] o.s.c.a.ClassPathBeanDefinitionScanner   : Identified candidate component class: file [C:\Users\HP\OneDrive\Bureau\Projects\Client-Auth&Side\target\classes\com\wholesaled\clientsideservice\Service\CommentService.class]
2024-08-14T15:46:18.582+01:00 DEBUG 12624 --- [Auth-ClientSide-service] [           main] o.s.c.a.ClassPathBeanDefinitionScanner   : Identified candidate component class: file [C:\Users\HP\OneDrive\Bureau\Projects\Client-Auth&Side\target\classes\com\wholesaled\clientsideservice\Service\OrderService.class]
2024-08-14T15:46:18.583+01:00 DEBUG 12624 --- [Auth-ClientSide-service] [           main] o.s.c.a.ClassPathBeanDefinitionScanner   : Identified candidate component class: file [C:\Users\HP\OneDrive\Bureau\Projects\Client-Auth&Side\target\classes\com\wholesaled\clientsideservice\Service\ProductService.class]
2024-08-14T15:46:18.586+01:00 DEBUG 12624 --- [Auth-ClientSide-service] [           main] o.s.c.a.ClassPathBeanDefinitionScanner   : Identified candidate component class: file [C:\Users\HP\OneDrive\Bureau\Projects\Client-Auth&Side\target\classes\com\wholesaled\clientsideservice\Service\ProductUpdateService.class]
2024-08-14T15:46:18.587+01:00 DEBUG 12624 --- [Auth-ClientSide-service] [           main] o.s.c.a.ClassPathBeanDefinitionScanner   : Identified candidate component class: file [C:\Users\HP\OneDrive\Bureau\Projects\Client-Auth&Side\target\classes\com\wholesaled\clientsideservice\Service\SseEmitterService.class]
2024-08-14T15:46:18.588+01:00 DEBUG 12624 --- [Auth-ClientSide-service] [           main] o.s.c.a.ClassPathBeanDefinitionScanner   : Identified candidate component class: file [C:\Users\HP\OneDrive\Bureau\Projects\Client-Auth&Side\target\classes\com\wholesaled\clientsideservice\Service\WebSocketService.class]
2024-08-14T15:46:18.593+01:00 DEBUG 12624 --- [Auth-ClientSide-service] [           main] o.s.c.a.ClassPathBeanDefinitionScanner   : Identified candidate component class: file [C:\Users\HP\OneDrive\Bureau\Projects\Client-Auth&Side\target\classes\com\wholesaled\Notification\config\WebSocketConfig.class]
2024-08-14T15:46:18.595+01:00 DEBUG 12624 --- [Auth-ClientSide-service] [           main] o.s.c.a.ClassPathBeanDefinitionScanner   : Identified candidate component class: file [C:\Users\HP\OneDrive\Bureau\Projects\Client-Auth&Side\target\classes\com\wholesaled\Notification\NotificationController.class]
2024-08-14T15:46:18.600+01:00 DEBUG 12624 --- [Auth-ClientSide-service] [           main] o.s.c.a.ClassPathBeanDefinitionScanner   : Identified candidate component class: file [C:\Users\HP\OneDrive\Bureau\Projects\Client-Auth&Side\target\classes\com\wholesaled\Notification\NotificationService.class]
2024-08-14T15:46:18.602+01:00 DEBUG 12624 --- [Auth-ClientSide-service] [           main] o.s.c.a.ClassPathBeanDefinitionScanner   : Ignored because not a concrete top-level class: file [C:\Users\HP\OneDrive\Bureau\Projects\Client-Auth&Side\target\classes\com\wholesaled\Notification\NotificationUserRepository.class]
2024-08-14T15:46:18.604+01:00 DEBUG 12624 --- [Auth-ClientSide-service] [           main] o.s.c.a.ClassPathBeanDefinitionScanner   : Identified candidate component class: file [C:\Users\HP\OneDrive\Bureau\Projects\Client-Auth&Side\target\classes\com\wholesaled\security\CustomUserDetailService.class]
2024-08-14T15:46:18.605+01:00 DEBUG 12624 --- [Auth-ClientSide-service] [           main] o.s.c.a.ClassPathBeanDefinitionScanner   : Identified candidate component class: file [C:\Users\HP\OneDrive\Bureau\Projects\Client-Auth&Side\target\classes\com\wholesaled\security\JwtAuthenticationFilter.class]
2024-08-14T15:46:18.606+01:00 DEBUG 12624 --- [Auth-ClientSide-service] [           main] o.s.c.a.ClassPathBeanDefinitionScanner   : Identified candidate component class: file [C:\Users\HP\OneDrive\Bureau\Projects\Client-Auth&Side\target\classes\com\wholesaled\security\JwtDecoder.class]
2024-08-14T15:46:18.610+01:00 DEBUG 12624 --- [Auth-ClientSide-service] [           main] o.s.c.a.ClassPathBeanDefinitionScanner   : Identified candidate component class: file [C:\Users\HP\OneDrive\Bureau\Projects\Client-Auth&Side\target\classes\com\wholesaled\security\JwtIssuer.class]
2024-08-14T15:46:18.611+01:00 DEBUG 12624 --- [Auth-ClientSide-service] [           main] o.s.c.a.ClassPathBeanDefinitionScanner   : Identified candidate component class: file [C:\Users\HP\OneDrive\Bureau\Projects\Client-Auth&Side\target\classes\com\wholesaled\security\JwtProperties.class]
2024-08-14T15:46:18.612+01:00 DEBUG 12624 --- [Auth-ClientSide-service] [           main] o.s.c.a.ClassPathBeanDefinitionScanner   : Identified candidate component class: file [C:\Users\HP\OneDrive\Bureau\Projects\Client-Auth&Side\target\classes\com\wholesaled\security\JwtToPrincipalConverter.class]
2024-08-14T15:46:18.621+01:00 DEBUG 12624 --- [Auth-ClientSide-service] [           main] o.s.c.a.ClassPathBeanDefinitionScanner   : Identified candidate component class: file [C:\Users\HP\OneDrive\Bureau\Projects\Client-Auth&Side\target\classes\com\wholesaled\security\SecurityConfig.class]
2024-08-14T15:46:18.623+01:00 DEBUG 12624 --- [Auth-ClientSide-service] [           main] o.s.c.a.ClassPathBeanDefinitionScanner   : Identified candidate component class: file [C:\Users\HP\OneDrive\Bureau\Projects\Client-Auth&Side\target\classes\com\wholesaled\security\UnauthorizedHandler.class]
2024-08-14T15:46:19.721+01:00 DEBUG 12624 --- [Auth-ClientSide-service] [           main] o.s.c.openfeign.FeignClientsRegistrar$1  : Identified candidate component class: file [C:\Users\HP\OneDrive\Bureau\Projects\Client-Auth&Side\target\classes\com\wholesaled\clientsideservice\Fiegn\TradeCustomerClient.class]
2024-08-14T15:46:20.074+01:00  INFO 12624 --- [Auth-ClientSide-service] [           main] .s.d.r.c.RepositoryConfigurationDelegate : Bootstrapping Spring Data JPA repositories in DEFAULT mode.
2024-08-14T15:46:20.092+01:00 DEBUG 12624 --- [Auth-ClientSide-service] [           main] o.s.b.f.s.DefaultListableBeanFactory     : Creating shared instance of singleton bean 'org.springframework.boot.autoconfigure.AutoConfigurationPackages'
2024-08-14T15:46:20.106+01:00 DEBUG 12624 --- [Auth-ClientSide-service] [           main] o.s.b.a.AutoConfigurationPackages        : @EnableAutoConfiguration was declared on a class in the package 'com.wholesaled'. Automatic @Repository and @Entity scanning is enabled.
2024-08-14T15:46:20.107+01:00 DEBUG 12624 --- [Auth-ClientSide-service] [           main] .s.d.r.c.RepositoryConfigurationDelegate : Scanning for JPA repositories in packages com.wholesaled.
2024-08-14T15:46:20.125+01:00 DEBUG 12624 --- [Auth-ClientSide-service] [           main] o.s.d.r.c.RepositoryComponentProvider    : Identified candidate component class: file [C:\Users\HP\OneDrive\Bureau\Projects\Client-Auth&Side\target\classes\com\wholesaled\authentification\otp\repository\OtpRepository.class]
2024-08-14T15:46:20.127+01:00 DEBUG 12624 --- [Auth-ClientSide-service] [           main] o.s.d.r.c.RepositoryComponentProvider    : Identified candidate component class: file [C:\Users\HP\OneDrive\Bureau\Projects\Client-Auth&Side\target\classes\com\wholesaled\authentification\repository\UserRepository.class]
2024-08-14T15:46:20.129+01:00 DEBUG 12624 --- [Auth-ClientSide-service] [           main] o.s.d.r.c.RepositoryComponentProvider    : Identified candidate component class: file [C:\Users\HP\OneDrive\Bureau\Projects\Client-Auth&Side\target\classes\com\wholesaled\clientsideservice\Repository\CartElementRepository.class]
2024-08-14T15:46:20.129+01:00 DEBUG 12624 --- [Auth-ClientSide-service] [           main] o.s.d.r.c.RepositoryComponentProvider    : Identified candidate component class: file [C:\Users\HP\OneDrive\Bureau\Projects\Client-Auth&Side\target\classes\com\wholesaled\clientsideservice\Repository\CartRepository.class]
2024-08-14T15:46:20.130+01:00 DEBUG 12624 --- [Auth-ClientSide-service] [           main] o.s.d.r.c.RepositoryComponentProvider    : Identified candidate component class: file [C:\Users\HP\OneDrive\Bureau\Projects\Client-Auth&Side\target\classes\com\wholesaled\clientsideservice\Repository\CategoryRepository.class]
2024-08-14T15:46:20.130+01:00 DEBUG 12624 --- [Auth-ClientSide-service] [           main] o.s.d.r.c.RepositoryComponentProvider    : Identified candidate component class: file [C:\Users\HP\OneDrive\Bureau\Projects\Client-Auth&Side\target\classes\com\wholesaled\clientsideservice\Repository\CommentRepository.class]
2024-08-14T15:46:20.130+01:00 DEBUG 12624 --- [Auth-ClientSide-service] [           main] o.s.d.r.c.RepositoryComponentProvider    : Identified candidate component class: file [C:\Users\HP\OneDrive\Bureau\Projects\Client-Auth&Side\target\classes\com\wholesaled\clientsideservice\Repository\ImagesRepository.class]
2024-08-14T15:46:20.130+01:00 DEBUG 12624 --- [Auth-ClientSide-service] [           main] o.s.d.r.c.RepositoryComponentProvider    : Identified candidate component class: file [C:\Users\HP\OneDrive\Bureau\Projects\Client-Auth&Side\target\classes\com\wholesaled\clientsideservice\Repository\OrderElementRepository.class]
2024-08-14T15:46:20.130+01:00 DEBUG 12624 --- [Auth-ClientSide-service] [           main] o.s.d.r.c.RepositoryComponentProvider    : Identified candidate component class: file [C:\Users\HP\OneDrive\Bureau\Projects\Client-Auth&Side\target\classes\com\wholesaled\clientsideservice\Repository\OrderRepository.class]
2024-08-14T15:46:20.130+01:00 DEBUG 12624 --- [Auth-ClientSide-service] [           main] o.s.d.r.c.RepositoryComponentProvider    : Identified candidate component class: file [C:\Users\HP\OneDrive\Bureau\Projects\Client-Auth&Side\target\classes\com\wholesaled\clientsideservice\Repository\ProductRepository.class]
2024-08-14T15:46:20.131+01:00 DEBUG 12624 --- [Auth-ClientSide-service] [           main] o.s.d.r.c.RepositoryComponentProvider    : Identified candidate component class: file [C:\Users\HP\OneDrive\Bureau\Projects\Client-Auth&Side\target\classes\com\wholesaled\Notification\NotificationUserRepository.class]
2024-08-14T15:46:20.291+01:00 DEBUG 12624 --- [Auth-ClientSide-service] [           main] ssPathScanningCandidateComponentProvider : Identified candidate component class: file [C:\Users\HP\OneDrive\Bureau\Projects\Client-Auth&Side\target\classes\com\wholesaled\authentification\otp\service\Impl\EmailServiceImpl.class]
2024-08-14T15:46:20.291+01:00 DEBUG 12624 --- [Auth-ClientSide-service] [           main] ssPathScanningCandidateComponentProvider : Identified candidate component class: file [C:\Users\HP\OneDrive\Bureau\Projects\Client-Auth&Side\target\classes\com\wholesaled\authentification\otp\service\Impl\OtpServiceImpl.class]
2024-08-14T15:46:20.291+01:00 DEBUG 12624 --- [Auth-ClientSide-service] [           main] ssPathScanningCandidateComponentProvider : Identified candidate component class: file [C:\Users\HP\OneDrive\Bureau\Projects\Client-Auth&Side\target\classes\com\wholesaled\authentification\Service\Impl\UserServiceImpl.class]
2024-08-14T15:46:20.329+01:00  INFO 12624 --- [Auth-ClientSide-service] [           main] .s.d.r.c.RepositoryConfigurationDelegate : Finished Spring Data repository scanning in 220 ms. Found 11 JPA repository interfaces.
2024-08-14T15:46:20.740+01:00 DEBUG 12624 --- [Auth-ClientSide-service] [           main] o.s.b.f.s.DefaultListableBeanFactory     : Creating shared instance of singleton bean 'refreshScope'
2024-08-14T15:46:20.743+01:00 DEBUG 12624 --- [Auth-ClientSide-service] [           main] o.s.b.f.s.DefaultListableBeanFactory     : Creating shared instance of singleton bean 'springSecurityHandlerMappingIntrospectorBeanDefinitionRegistryPostProcessor'
2024-08-14T15:46:20.745+01:00 DEBUG 12624 --- [Auth-ClientSide-service] [           main] o.s.b.f.s.DefaultListableBeanFactory     : Creating shared instance of singleton bean 'org.springframework.cloud.autoconfigure.RefreshAutoConfiguration$RefreshScopeBeanDefinitionEnhancer'
2024-08-14T15:46:20.930+01:00 DEBUG 12624 --- [Auth-ClientSide-service] [           main] o.s.cloud.context.scope.GenericScope     : Generating bean factory id from names: [AUTH-ADMIN-SERVICE.FeignClientSpecification, CartElementRepository, CartRepository, CategoryRepository, CommentRepository, ProductService, adminOrderController, adminOrderService, appProperties, applicationAvailability, applicationSecurity, authController, authenticationApplication, authenticationEventPublisher, authenticationManager, authenticationManagerBuilder, basicErrorController, beanNameHandlerMapping, beanNameViewResolver, blockingLoadBalancerClient, brokerChannel, brokerChannelExecutor, brokerMessageConverter, brokerMessagingTemplate, caffeineWarnLogger, cartController, cartElementController, cartElementService, cartService, characterEncodingFilter, clientController, clientInboundChannel, clientInboundChannelExecutor, clientOutboundChannel, clientOutboundChannelExecutor, com.wholesaled.clientsideservice.Fiegn.TradeCustomerClient, commentController, commentService, compositeCompatibilityVerifier, compositeDiscoveryClient, configDataContextRefresher, configurationPropertiesBeans, configurationPropertiesRebinder, conventionErrorViewResolver, conversionServicePostProcessor, cookieSerializer, corsConfig, corsFilter, customUserDetailService, data-jpa.repository-aot-processor#0, dataSource, dataSourceScriptDatabaseInitializer, default.com.wholesaled.AuthenticationApplication.FeignClientSpecification, default.org.springframework.cloud.loadbalancer.config.BlockingLoadBalancerClientAutoConfiguration.LoadBalancerClientSpecification, default.org.springframework.cloud.loadbalancer.config.LoadBalancerAutoConfiguration.LoadBalancerClientSpecification, default.org.springframework.cloud.netflix.eureka.loadbalancer.LoadBalancerEurekaAutoConfiguration.LoadBalancerClientSpecification, defaultEurekaClientHttpRequestFactorySupplier, defaultLoadBalancerCacheManager, defaultServletHandlerMapping, defaultValidator, defaultViewResolver, defaultsBindHandlerAdvisor, deferringLoadBalancerInterceptor, delegatingApplicationListener, discoveryClient, dispatcherServlet, dispatcherServletRegistration, eagerStompWebSocketHandlerMapping, emBeanDefinitionRegistrarPostProcessor, emailServiceImpl, enableGlobalAuthenticationAutowiredConfigurer, entityManagerFactory, entityManagerFactoryBuilder, environmentManager, error, errorAttributes, errorPageCustomizer, errorPageRegistrarBeanPostProcessor, eureka.client.rest-template-timeout-org.springframework.cloud.netflix.eureka.RestTemplateTimeoutProperties, eurekaApplicationInfoManager, eurekaAutoServiceRegistration, eurekaClient, eurekaClientConfigBean, eurekaFeature, eurekaInstanceConfigBean, eurekaLoadBalancerProperties, eurekaRegistration, eurekaServiceRegistry, feignChildContextInitializer, feignClient, feignClientBeanFactoryInitializationCodeGenerator, feignClientConfiguration, feignContext, feignFeature, feignTargeter, fileWatcher, flashMapManager, formContentFilter, getObjectMapper, globalExceptionHandler, gson, gsonBuilder, handlerExceptionResolver, handlerFunctionAdapter, hikariPoolDataSourceMetadataProvider, httpMessageConvertersRestClientCustomizer, httpRequestHandlerAdapter, imagesRepository, inetUtils, inetUtilsProperties, initializeAuthenticationProviderBeanManagerConfigurer, initializeUserDetailsBeanManagerConfigurer, jacksonGeoModule, jacksonObjectMapperBuilder, jdbcClient, jdbcConnectionDetails, jdbcConnectionDetailsHikariBeanPostProcessor, jdbcTemplate, jpa.CartElementRepository.fragments#0, jpa.CartRepository.fragments#0, jpa.CategoryRepository.fragments#0, jpa.CommentRepository.fragments#0, jpa.ImagesRepository.fragments#0, jpa.NotificationUserRepository.fragments#0, jpa.OrderElementRepository.fragments#0, jpa.OrderRepository.fragments#0, jpa.OtpRepository.fragments#0, jpa.ProductRepository.fragments#0, jpa.UserRepository.fragments#0, jpa.named-queries#0, jpa.named-queries#1, jpa.named-queries#10, jpa.named-queries#2, jpa.named-queries#3, jpa.named-queries#4, jpa.named-queries#5, jpa.named-queries#6, jpa.named-queries#7, jpa.named-queries#8, jpa.named-queries#9, jpaContext, jpaMappingContext, jpaSharedEM_entityManagerFactory, jpaVendorAdapter, jsonComponentModule, jsonMixinModule, jsonMixinModuleEntries, jwtAuthenticationFilter, jwtDecoder, jwtIssuer, jwtProperties, jwtToPrincipalConverter, lbRestClientPostProcessor, lifecycleProcessor, loadBalancedRestTemplateInitializerDeprecated, loadBalancerChildContextInitializer, loadBalancerClientFactory, loadBalancerClientsDefaultsMappingsProvider, loadBalancerEagerContextInitializer, loadBalancerInterceptor, loadBalancerRequestFactory, loadBalancerServiceInstanceCookieTransformer, localeCharsetMappingsCustomizer, localeResolver, loggingRebinder, mailSender, mappingJackson2HttpMessageConverter, messageBrokerTaskScheduler, messageConverters, methodValidationPostProcessor, modelMapper, modelMapperConfig, multipartConfigElement, multipartResolver, mvcConfig, mvcContentNegotiationManager, mvcConversionService, mvcHandlerMappingIntrospector, mvcHandlerMappingIntrospectorRequestTransformer, mvcPathMatcher, mvcPatternParser, mvcResourceUrlProvider, mvcUriComponentsContributor, mvcUrlPathHelper, mvcValidator, mvcViewResolver, namedParameterJdbcTemplate, notificationController, notificationService, notificationUserRepository, objectMapperConfig, objectPostProcessor, offsetResolver, openEntityManagerInViewInterceptor, openEntityManagerInViewInterceptorConfigurer, orderController, orderElementRepository, orderRepository, orderService, org.springframework.aop.config.internalAutoProxyCreator, org.springframework.boot.autoconfigure.AutoConfigurationPackages, org.springframework.boot.autoconfigure.aop.AopAutoConfiguration, org.springframework.boot.autoconfigure.aop.AopAutoConfiguration$AspectJAutoProxyingConfiguration, org.springframework.boot.autoconfigure.aop.AopAutoConfiguration$AspectJAutoProxyingConfiguration$CglibAutoProxyConfiguration, org.springframework.boot.autoconfigure.availability.ApplicationAvailabilityAutoConfiguration, org.springframework.boot.autoconfigure.context.ConfigurationPropertiesAutoConfiguration, org.springframework.boot.autoconfigure.context.LifecycleAutoConfiguration, org.springframework.boot.autoconfigure.context.PropertyPlaceholderAutoConfiguration, org.springframework.boot.autoconfigure.dao.PersistenceExceptionTranslationAutoConfiguration, org.springframework.boot.autoconfigure.data.jpa.JpaRepositoriesAutoConfiguration, org.springframework.boot.autoconfigure.data.web.SpringDataWebAutoConfiguration, org.springframework.boot.autoconfigure.gson.GsonAutoConfiguration, org.springframework.boot.autoconfigure.http.GsonHttpMessageConvertersConfiguration, org.springframework.boot.autoconfigure.http.HttpMessageConvertersAutoConfiguration, org.springframework.boot.autoconfigure.http.HttpMessageConvertersAutoConfiguration$StringHttpMessageConverterConfiguration, org.springframework.boot.autoconfigure.http.JacksonHttpMessageConvertersConfiguration, org.springframework.boot.autoconfigure.http.JacksonHttpMessageConvertersConfiguration$MappingJackson2HttpMessageConverterConfiguration, org.springframework.boot.autoconfigure.info.ProjectInfoAutoConfiguration, org.springframework.boot.autoconfigure.internalCachingMetadataReaderFactory, org.springframework.boot.autoconfigure.jackson.JacksonAutoConfiguration, org.springframework.boot.autoconfigure.jackson.JacksonAutoConfiguration$Jackson2ObjectMapperBuilderCustomizerConfiguration, org.springframework.boot.autoconfigure.jackson.JacksonAutoConfiguration$JacksonMixinConfiguration, org.springframework.boot.autoconfigure.jackson.JacksonAutoConfiguration$JacksonObjectMapperBuilderConfiguration, org.springframework.boot.autoconfigure.jackson.JacksonAutoConfiguration$JacksonObjectMapperConfiguration, org.springframework.boot.autoconfigure.jackson.JacksonAutoConfiguration$ParameterNamesModuleConfiguration, org.springframework.boot.autoconfigure.jdbc.DataSourceAutoConfiguration, org.springframework.boot.autoconfigure.jdbc.DataSourceAutoConfiguration$PooledDataSourceConfiguration, org.springframework.boot.autoconfigure.jdbc.DataSourceConfiguration$Hikari, org.springframework.boot.autoconfigure.jdbc.DataSourceTransactionManagerAutoConfiguration, org.springframework.boot.autoconfigure.jdbc.DataSourceTransactionManagerAutoConfiguration$JdbcTransactionManagerConfiguration, org.springframework.boot.autoconfigure.jdbc.JdbcClientAutoConfiguration, org.springframework.boot.autoconfigure.jdbc.JdbcTemplateAutoConfiguration, org.springframework.boot.autoconfigure.jdbc.JdbcTemplateConfiguration, org.springframework.boot.autoconfigure.jdbc.NamedParameterJdbcTemplateConfiguration, org.springframework.boot.autoconfigure.jdbc.metadata.DataSourcePoolMetadataProvidersConfiguration, org.springframework.boot.autoconfigure.jdbc.metadata.DataSourcePoolMetadataProvidersConfiguration$HikariPoolDataSourceMetadataProviderConfiguration, org.springframework.boot.autoconfigure.mail.MailSenderAutoConfiguration, org.springframework.boot.autoconfigure.mail.MailSenderPropertiesConfiguration, org.springframework.boot.autoconfigure.orm.jpa.HibernateJpaAutoConfiguration, org.springframework.boot.autoconfigure.orm.jpa.HibernateJpaConfiguration, org.springframework.boot.autoconfigure.orm.jpa.JpaBaseConfiguration$JpaWebConfiguration, org.springframework.boot.autoconfigure.orm.jpa.JpaBaseConfiguration$PersistenceManagedTypesConfiguration, org.springframework.boot.autoconfigure.reactor.ReactorAutoConfiguration, org.springframework.boot.autoconfigure.security.servlet.SecurityAutoConfiguration, org.springframework.boot.autoconfigure.security.servlet.SecurityFilterAutoConfiguration, org.springframework.boot.autoconfigure.security.servlet.SpringBootWebSecurityConfiguration, org.springframework.boot.autoconfigure.session.SessionAutoConfiguration, org.springframework.boot.autoconfigure.session.SessionAutoConfiguration$ServletSessionConfiguration, org.springframework.boot.autoconfigure.session.SessionAutoConfiguration$ServletSessionConfiguration$RememberMeServicesConfiguration, org.springframework.boot.autoconfigure.session.SessionAutoConfiguration$ServletSessionConfiguration$ServletSessionRepositoryConfiguration, org.springframework.boot.autoconfigure.sql.init.DataSourceInitializationConfiguration, org.springframework.boot.autoconfigure.sql.init.SqlInitializationAutoConfiguration, org.springframework.boot.autoconfigure.ssl.SslAutoConfiguration, org.springframework.boot.autoconfigure.task.TaskExecutionAutoConfiguration, org.springframework.boot.autoconfigure.task.TaskExecutorConfigurations$SimpleAsyncTaskExecutorBuilderConfiguration, org.springframework.boot.autoconfigure.task.TaskExecutorConfigurations$TaskExecutorBuilderConfiguration, org.springframework.boot.autoconfigure.task.TaskExecutorConfigurations$ThreadPoolTaskExecutorBuilderConfiguration, org.springframework.boot.autoconfigure.task.TaskSchedulingAutoConfiguration, org.springframework.boot.autoconfigure.task.TaskSchedulingConfigurations$SimpleAsyncTaskSchedulerBuilderConfiguration, org.springframework.boot.autoconfigure.task.TaskSchedulingConfigurations$TaskSchedulerBuilderConfiguration, org.springframework.boot.autoconfigure.task.TaskSchedulingConfigurations$ThreadPoolTaskSchedulerBuilderConfiguration, org.springframework.boot.autoconfigure.transaction.TransactionAutoConfiguration, org.springframework.boot.autoconfigure.transaction.TransactionAutoConfiguration$EnableTransactionManagementConfiguration, org.springframework.boot.autoconfigure.transaction.TransactionAutoConfiguration$EnableTransactionManagementConfiguration$CglibAutoProxyConfiguration, org.springframework.boot.autoconfigure.transaction.TransactionAutoConfiguration$TransactionTemplateConfiguration, org.springframework.boot.autoconfigure.transaction.TransactionManagerCustomizationAutoConfiguration, org.springframework.boot.autoconfigure.transaction.jta.JtaAutoConfiguration, org.springframework.boot.autoconfigure.validation.ValidationAutoConfiguration, org.springframework.boot.autoconfigure.web.client.RestClientAutoConfiguration, org.springframework.boot.autoconfigure.web.client.RestTemplateAutoConfiguration, org.springframework.boot.autoconfigure.web.servlet.DispatcherServletAutoConfiguration, org.springframework.boot.autoconfigure.web.servlet.DispatcherServletAutoConfiguration$DispatcherServletConfiguration, org.springframework.boot.autoconfigure.web.servlet.DispatcherServletAutoConfiguration$DispatcherServletRegistrationConfiguration, org.springframework.boot.autoconfigure.web.servlet.HttpEncodingAutoConfiguration, org.springframework.boot.autoconfigure.web.servlet.MultipartAutoConfiguration, org.springframework.boot.autoconfigure.web.servlet.ServletWebServerFactoryAutoConfiguration, org.springframework.boot.autoconfigure.web.servlet.ServletWebServerFactoryConfiguration$EmbeddedTomcat, org.springframework.boot.autoconfigure.web.servlet.WebMvcAutoConfiguration, org.springframework.boot.autoconfigure.web.servlet.WebMvcAutoConfiguration$EnableWebMvcConfiguration, org.springframework.boot.autoconfigure.web.servlet.WebMvcAutoConfiguration$WebMvcAutoConfigurationAdapter, org.springframework.boot.autoconfigure.web.servlet.error.ErrorMvcAutoConfiguration, org.springframework.boot.autoconfigure.web.servlet.error.ErrorMvcAutoConfiguration$DefaultErrorViewResolverConfiguration, org.springframework.boot.autoconfigure.web.servlet.error.ErrorMvcAutoConfiguration$WhitelabelErrorViewConfiguration, org.springframework.boot.autoconfigure.websocket.servlet.WebSocketMessagingAutoConfiguration, org.springframework.boot.autoconfigure.websocket.servlet.WebSocketMessagingAutoConfiguration$WebSocketMessageConverterConfiguration, org.springframework.boot.autoconfigure.websocket.servlet.WebSocketServletAutoConfiguration, org.springframework.boot.autoconfigure.websocket.servlet.WebSocketServletAutoConfiguration$TomcatWebSocketConfiguration, org.springframework.boot.context.internalConfigurationPropertiesBinder, org.springframework.boot.context.properties.BoundConfigurationProperties, org.springframework.boot.context.properties.ConfigurationPropertiesBindingPostProcessor, org.springframework.boot.context.properties.EnableConfigurationPropertiesRegistrar.methodValidationExcludeFilter, org.springframework.boot.sql.init.dependency.DatabaseInitializationDependencyConfigurer$DependsOnDatabaseInitializationPostProcessor, org.springframework.boot.test.mock.mockito.MockitoPostProcessor, org.springframework.boot.test.mock.mockito.MockitoPostProcessor$SpyPostProcessor, org.springframework.cloud.autoconfigure.ConfigurationPropertiesRebinderAutoConfiguration, org.springframework.cloud.autoconfigure.LifecycleMvcEndpointAutoConfiguration, org.springframework.cloud.autoconfigure.RefreshAutoConfiguration, org.springframework.cloud.autoconfigure.RefreshAutoConfiguration$RefreshScopeBeanDefinitionEnhancer, org.springframework.cloud.client.CommonsClientAutoConfiguration, org.springframework.cloud.client.ReactiveCommonsClientAutoConfiguration, org.springframework.cloud.client.discovery.composite.CompositeDiscoveryClientAutoConfiguration, org.springframework.cloud.client.discovery.simple.SimpleDiscoveryClientAutoConfiguration, org.springframework.cloud.client.loadbalancer.LoadBalancerAutoConfiguration, org.springframework.cloud.client.loadbalancer.LoadBalancerAutoConfiguration$DeferringLoadBalancerInterceptorConfig, org.springframework.cloud.client.loadbalancer.LoadBalancerAutoConfiguration$LoadBalancerInterceptorConfig, org.springframework.cloud.client.loadbalancer.LoadBalancerDefaultMappingsProviderAutoConfiguration, org.springframework.cloud.client.serviceregistry.AutoServiceRegistrationAutoConfiguration, org.springframework.cloud.client.serviceregistry.AutoServiceRegistrationConfiguration, org.springframework.cloud.client.serviceregistry.ServiceRegistryAutoConfiguration, org.springframework.cloud.commons.config.CommonsConfigAutoConfiguration, org.springframework.cloud.commons.security.ResourceServerTokenRelayAutoConfiguration, org.springframework.cloud.commons.security.ResourceServerTokenRelayAutoConfiguration$ResourceServerTokenRelayRegistrationAutoConfiguration, org.springframework.cloud.commons.util.UtilAutoConfiguration, org.springframework.cloud.configuration.CompatibilityVerifierAutoConfiguration, org.springframework.cloud.loadbalancer.config.BlockingLoadBalancerClientAutoConfiguration, org.springframework.cloud.loadbalancer.config.LoadBalancerAutoConfiguration, org.springframework.cloud.loadbalancer.config.LoadBalancerCacheAutoConfiguration, org.springframework.cloud.loadbalancer.config.LoadBalancerCacheAutoConfiguration$DefaultLoadBalancerCacheManagerConfiguration, org.springframework.cloud.loadbalancer.config.LoadBalancerCacheAutoConfiguration$LoadBalancerCacheManagerWarnConfiguration, org.springframework.cloud.netflix.eureka.EurekaClientAutoConfiguration, org.springframework.cloud.netflix.eureka.EurekaClientAutoConfiguration$RefreshableEurekaClientConfiguration, org.springframework.cloud.netflix.eureka.EurekaDiscoveryClientConfiguration, org.springframework.cloud.netflix.eureka.EurekaDiscoveryClientConfiguration$EurekaClientConfigurationRefresher, org.springframework.cloud.netflix.eureka.config.DiscoveryClientOptionalArgsConfiguration, org.springframework.cloud.netflix.eureka.loadbalancer.LoadBalancerEurekaAutoConfiguration, org.springframework.cloud.openfeign.FeignAutoConfiguration, org.springframework.cloud.openfeign.FeignAutoConfiguration$DefaultFeignTargeterConfiguration, org.springframework.cloud.openfeign.FeignAutoConfiguration$FeignJacksonConfiguration, org.springframework.cloud.openfeign.loadbalancer.DefaultFeignLoadBalancerConfiguration, org.springframework.cloud.openfeign.loadbalancer.FeignLoadBalancerAutoConfiguration, org.springframework.context.annotation.internalAutowiredAnnotationProcessor, org.springframework.context.annotation.internalCommonAnnotationProcessor, org.springframework.context.annotation.internalConfigurationAnnotationProcessor, org.springframework.context.annotation.internalPersistenceAnnotationProcessor, org.springframework.context.event.internalEventListenerFactory, org.springframework.context.event.internalEventListenerProcessor, org.springframework.data.jpa.repository.support.JpaEvaluationContextExtension, org.springframework.data.jpa.util.JpaMetamodelCacheCleanup, org.springframework.data.web.config.ProjectingArgumentResolverRegistrar, org.springframework.data.web.config.SpringDataJacksonConfiguration, org.springframework.data.web.config.SpringDataWebConfiguration, org.springframework.data.web.config.SpringDataWebSettings, org.springframework.security.config.annotation.authentication.configuration.AuthenticationConfiguration, org.springframework.security.config.annotation.configuration.ObjectPostProcessorConfiguration, org.springframework.security.config.annotation.web.configuration.HttpSecurityConfiguration, org.springframework.security.config.annotation.web.configuration.HttpSecurityConfiguration.httpSecurity, org.springframework.security.config.annotation.web.configuration.WebMvcSecurityConfiguration, org.springframework.security.config.annotation.web.configuration.WebSecurityConfiguration, org.springframework.transaction.annotation.ProxyTransactionManagementConfiguration, org.springframework.transaction.config.internalTransactionAdvisor, org.springframework.transaction.config.internalTransactionalEventListenerFactory, org.springframework.web.socket.config.annotation.DelegatingWebSocketMessageBrokerConfiguration, otpController, otpRepository, otpServiceImpl, pageJacksonModule, pageModule, pageableCustomizer, pageableResolver, parameterNamesModule, passwordEncoder, persistenceExceptionTranslationPostProcessor, persistenceManagedTypes, platformTransactionManagerCustomizers, preserveErrorControllerTargetClassPostProcessor, privilegeEvaluator, productController, productMapper, productRepository, productUpdateHandler, productUpdateService, projectingArgumentResolverBeanPostProcessor, propertySourcesPlaceholderConfigurer, refreshEventListener, refreshScope, refreshScopeLifecycle, rememberMeServicesCookieSerializerCustomizer, requestContextFilter, requestDataValueProcessor, requestInterceptor, requestMappingHandlerAdapter, requestMappingHandlerMapping, resourceHandlerMapping, restClientBuilder, restClientBuilderConfigurer, restClientSsl, restTemplateBuilder, restTemplateBuilderConfigurer, restTemplateCustomizer, restTemplateDiscoveryClientOptionalArgs, restTemplateTransportClientFactories, routerFunctionMapping, scopedTarget.eurekaApplicationInfoManager, scopedTarget.eurekaClient, scopedTarget.eurekaRegistration, securityConfig, securityFilterChainRegistration, server-org.springframework.boot.autoconfigure.web.ServerProperties, serviceManagementMetadataProvider, servletWebServerFactoryCustomizer, simpAnnotationMethodMessageHandler, simpleAsyncTaskExecutorBuilder, simpleAsyncTaskSchedulerBuilder, simpleBrokerMessageHandler, simpleControllerHandlerAdapter, simpleDiscoveryClient, simpleDiscoveryProperties, sleuthPresentVerifier, sortCustomizer, sortModule, sortResolver, spring.cloud.compatibility-verifier-org.springframework.cloud.configuration.CompatibilityVerifierProperties, spring.cloud.loadbalancer-org.springframework.cloud.client.loadbalancer.LoadBalancerClientsProperties, spring.cloud.loadbalancer.cache-org.springframework.cloud.loadbalancer.cache.LoadBalancerCacheProperties, spring.cloud.loadbalancer.eager-load-org.springframework.cloud.client.loadbalancer.LoadBalancerEagerLoadProperties, spring.cloud.openfeign.client-org.springframework.cloud.openfeign.FeignClientProperties, spring.cloud.openfeign.encoder-org.springframework.cloud.openfeign.support.FeignEncoderProperties, spring.cloud.openfeign.httpclient-org.springframework.cloud.openfeign.support.FeignHttpClientProperties, spring.cloud.refresh-org.springframework.cloud.autoconfigure.RefreshAutoConfiguration$RefreshProperties, spring.cloud.service-registry.auto-registration-org.springframework.cloud.client.serviceregistry.AutoServiceRegistrationProperties, spring.data.web-org.springframework.boot.autoconfigure.data.web.SpringDataWebProperties, spring.datasource-org.springframework.boot.autoconfigure.jdbc.DataSourceProperties, spring.gson-org.springframework.boot.autoconfigure.gson.GsonProperties, spring.info-org.springframework.boot.autoconfigure.info.ProjectInfoProperties, spring.jackson-org.springframework.boot.autoconfigure.jackson.JacksonProperties, spring.jdbc-org.springframework.boot.autoconfigure.jdbc.JdbcProperties, spring.jpa-org.springframework.boot.autoconfigure.orm.jpa.JpaProperties, spring.jpa.hibernate-org.springframework.boot.autoconfigure.orm.jpa.HibernateProperties, spring.lifecycle-org.springframework.boot.autoconfigure.context.LifecycleProperties, spring.mail-org.springframework.boot.autoconfigure.mail.MailProperties, spring.mvc-org.springframework.boot.autoconfigure.web.servlet.WebMvcProperties, spring.reactor-org.springframework.boot.autoconfigure.reactor.ReactorProperties, spring.security-org.springframework.boot.autoconfigure.security.SecurityProperties, spring.servlet.multipart-org.springframework.boot.autoconfigure.web.servlet.MultipartProperties, spring.session-org.springframework.boot.autoconfigure.session.SessionProperties, spring.sql.init-org.springframework.boot.autoconfigure.sql.init.SqlInitializationProperties, spring.ssl-org.springframework.boot.autoconfigure.ssl.SslProperties, spring.task.execution-org.springframework.boot.autoconfigure.task.TaskExecutionProperties, spring.task.scheduling-org.springframework.boot.autoconfigure.task.TaskSchedulingProperties, spring.transaction-org.springframework.boot.autoconfigure.transaction.TransactionProperties, spring.web-org.springframework.boot.autoconfigure.web.WebProperties, spring.webflux-org.springframework.boot.autoconfigure.web.reactive.WebFluxProperties, springBootVersionVerifier, springSecurityFilterChain, springSecurityHandlerMappingIntrospectorBeanDefinitionRegistryPostProcessor, sseController, sseEmitterService, sslBundleRegistry, sslPropertiesSslBundleRegistrar, standardGsonBuilderCustomizer, standardJacksonObjectMapperBuilderCustomizer, stompBrokerRelayMessageHandler, stompWebSocketHandlerMapping, stringHttpMessageConverter, subProtocolWebSocketHandler, taskExecutorBuilder, taskSchedulerBuilder, themeResolver, threadPoolTaskExecutorBuilder, threadPoolTaskSchedulerBuilder, tlsProperties, tomcatServletWebServerFactory, tomcatServletWebServerFactoryCustomizer, transactionAttributeSource, transactionExecutionListeners, transactionInterceptor, transactionManager, transactionTemplate, unauthorizedHandler, userDestinationMessageHandler, userDestinationResolver, userRegistry, userRegistryMessageHandler, userRepository, userServiceImpl, viewControllerHandlerMapping, viewNameTranslator, viewResolver, webSecurityExpressionHandler, webServerFactoryCustomizerBeanPostProcessor, webSocketConfig, webSocketMessageBrokerStats, webSocketScopeConfigurer, webSocketService, websocketServletWebServerCustomizer, welcomePageHandlerMapping, welcomePageNotAcceptableHandlerMapping, xForwarderHeadersFeignTransformer, xForwarderHeadersTransformer, zoneConfig]
2024-08-14T15:46:20.940+01:00  INFO 12624 --- [Auth-ClientSide-service] [           main] o.s.cloud.context.scope.GenericScope     : BeanFactory id=7e1c8f5f-4103-3d95-a0d3-3ce0291eb2c8
2024-08-14T15:46:20.942+01:00 DEBUG 12624 --- [Auth-ClientSide-service] [           main] o.s.b.f.s.DefaultListableBeanFactory     : Creating shared instance of singleton bean 'propertySourcesPlaceholderConfigurer'
2024-08-14T15:46:20.948+01:00 DEBUG 12624 --- [Auth-ClientSide-service] [           main] o.s.b.f.s.DefaultListableBeanFactory     : Creating shared instance of singleton bean 'org.springframework.boot.test.mock.mockito.MockitoPostProcessor'
2024-08-14T15:46:20.950+01:00 DEBUG 12624 --- [Auth-ClientSide-service] [           main] o.s.b.f.s.DefaultListableBeanFactory     : Creating shared instance of singleton bean 'webSocketScopeConfigurer'
2024-08-14T15:46:20.951+01:00 DEBUG 12624 --- [Auth-ClientSide-service] [           main] o.s.b.f.s.DefaultListableBeanFactory     : Creating shared instance of singleton bean 'emBeanDefinitionRegistrarPostProcessor'
2024-08-14T15:46:20.952+01:00 DEBUG 12624 --- [Auth-ClientSide-service] [           main] o.s.b.f.s.DefaultListableBeanFactory     : Creating shared instance of singleton bean 'org.springframework.boot.sql.init.dependency.DatabaseInitializationDependencyConfigurer$DependsOnDatabaseInitializationPostProcessor'
2024-08-14T15:46:21.130+01:00 DEBUG 12624 --- [Auth-ClientSide-service] [           main] o.s.b.f.s.DefaultListableBeanFactory     : Creating shared instance of singleton bean 'org.springframework.context.event.internalEventListenerProcessor'
2024-08-14T15:46:21.136+01:00 DEBUG 12624 --- [Auth-ClientSide-service] [           main] o.s.b.f.s.DefaultListableBeanFactory     : Creating shared instance of singleton bean 'conversionServicePostProcessor'
2024-08-14T15:46:21.149+01:00 DEBUG 12624 --- [Auth-ClientSide-service] [           main] o.s.b.f.s.DefaultListableBeanFactory     : Creating shared instance of singleton bean 'preserveErrorControllerTargetClassPostProcessor'
2024-08-14T15:46:21.153+01:00 DEBUG 12624 --- [Auth-ClientSide-service] [           main] o.s.b.f.s.DefaultListableBeanFactory     : Creating shared instance of singleton bean 'org.springframework.context.event.internalEventListenerFactory'
2024-08-14T15:46:21.154+01:00 DEBUG 12624 --- [Auth-ClientSide-service] [           main] o.s.b.f.s.DefaultListableBeanFactory     : Creating shared instance of singleton bean 'org.springframework.transaction.config.internalTransactionalEventListenerFactory'
2024-08-14T15:46:21.162+01:00 DEBUG 12624 --- [Auth-ClientSide-service] [           main] o.s.b.f.s.DefaultListableBeanFactory     : Creating shared instance of singleton bean 'org.springframework.boot.test.mock.mockito.MockitoPostProcessor$SpyPostProcessor'
2024-08-14T15:46:21.166+01:00 DEBUG 12624 --- [Auth-ClientSide-service] [           main] o.s.b.f.s.DefaultListableBeanFactory     : Creating shared instance of singleton bean 'org.springframework.context.annotation.internalAutowiredAnnotationProcessor'
2024-08-14T15:46:21.169+01:00 DEBUG 12624 --- [Auth-ClientSide-service] [           main] o.s.b.f.s.DefaultListableBeanFactory     : Creating shared instance of singleton bean 'org.springframework.context.annotation.internalCommonAnnotationProcessor'
2024-08-14T15:46:21.176+01:00 DEBUG 12624 --- [Auth-ClientSide-service] [           main] o.s.b.f.s.DefaultListableBeanFactory     : Creating shared instance of singleton bean 'org.springframework.context.annotation.internalPersistenceAnnotationProcessor'
2024-08-14T15:46:21.177+01:00 DEBUG 12624 --- [Auth-ClientSide-service] [           main] o.s.b.f.s.DefaultListableBeanFactory     : Creating shared instance of singleton bean 'org.springframework.boot.context.properties.ConfigurationPropertiesBindingPostProcessor'
2024-08-14T15:46:21.178+01:00 DEBUG 12624 --- [Auth-ClientSide-service] [           main] o.s.b.f.s.DefaultListableBeanFactory     : Creating shared instance of singleton bean 'org.springframework.boot.context.internalConfigurationPropertiesBinder'
2024-08-14T15:46:21.183+01:00 DEBUG 12624 --- [Auth-ClientSide-service] [           main] o.s.b.f.s.DefaultListableBeanFactory     : Creating shared instance of singleton bean 'jdbcConnectionDetailsHikariBeanPostProcessor'
2024-08-14T15:46:21.189+01:00 DEBUG 12624 --- [Auth-ClientSide-service] [           main] o.s.b.f.s.DefaultListableBeanFactory     : Creating shared instance of singleton bean 'methodValidationPostProcessor'
2024-08-14T15:46:21.218+01:00 DEBUG 12624 --- [Auth-ClientSide-service] [           main] o.s.b.f.s.DefaultListableBeanFactory     : Autowiring by type from bean name 'methodValidationPostProcessor' via factory method to bean named 'environment'
2024-08-14T15:46:21.223+01:00 DEBUG 12624 --- [Auth-ClientSide-service] [           main] o.s.b.f.s.DefaultListableBeanFactory     : Creating shared instance of singleton bean 'org.springframework.boot.context.properties.EnableConfigurationPropertiesRegistrar.methodValidationExcludeFilter'
2024-08-14T15:46:21.270+01:00 DEBUG 12624 --- [Auth-ClientSide-service] [           main] o.s.b.f.s.DefaultListableBeanFactory     : Creating shared instance of singleton bean 'org.springframework.aop.config.internalAutoProxyCreator'
2024-08-14T15:46:21.301+01:00 DEBUG 12624 --- [Auth-ClientSide-service] [           main] o.s.b.f.s.DefaultListableBeanFactory     : Creating shared instance of singleton bean 'persistenceExceptionTranslationPostProcessor'
2024-08-14T15:46:21.303+01:00 DEBUG 12624 --- [Auth-ClientSide-service] [           main] o.s.b.f.s.DefaultListableBeanFactory     : Autowiring by type from bean name 'persistenceExceptionTranslationPostProcessor' via factory method to bean named 'environment'
2024-08-14T15:46:21.306+01:00 DEBUG 12624 --- [Auth-ClientSide-service] [           main] o.s.b.f.s.DefaultListableBeanFactory     : Creating shared instance of singleton bean 'webServerFactoryCustomizerBeanPostProcessor'
2024-08-14T15:46:21.307+01:00 DEBUG 12624 --- [Auth-ClientSide-service] [           main] o.s.b.f.s.DefaultListableBeanFactory     : Creating shared instance of singleton bean 'errorPageRegistrarBeanPostProcessor'
2024-08-14T15:46:21.308+01:00 DEBUG 12624 --- [Auth-ClientSide-service] [           main] o.s.b.f.s.DefaultListableBeanFactory     : Creating shared instance of singleton bean 'projectingArgumentResolverBeanPostProcessor'
2024-08-14T15:46:21.311+01:00 DEBUG 12624 --- [Auth-ClientSide-service] [           main] o.s.b.f.s.DefaultListableBeanFactory     : Creating shared instance of singleton bean 'org.springframework.transaction.config.internalTransactionAdvisor'
2024-08-14T15:46:21.311+01:00 DEBUG 12624 --- [Auth-ClientSide-service] [           main] o.s.b.f.s.DefaultListableBeanFactory     : Creating shared instance of singleton bean 'org.springframework.transaction.annotation.ProxyTransactionManagementConfiguration'
2024-08-14T15:46:21.331+01:00 DEBUG 12624 --- [Auth-ClientSide-service] [           main] o.s.b.f.s.DefaultListableBeanFactory     : Creating shared instance of singleton bean 'transactionAttributeSource'
2024-08-14T15:46:21.334+01:00 DEBUG 12624 --- [Auth-ClientSide-service] [           main] o.s.b.f.s.DefaultListableBeanFactory     : Creating shared instance of singleton bean 'transactionInterceptor'
2024-08-14T15:46:21.336+01:00 DEBUG 12624 --- [Auth-ClientSide-service] [           main] o.s.b.f.s.DefaultListableBeanFactory     : Autowiring by type from bean name 'transactionInterceptor' via factory method to bean named 'transactionAttributeSource'
2024-08-14T15:46:21.344+01:00 DEBUG 12624 --- [Auth-ClientSide-service] [           main] o.s.b.f.s.DefaultListableBeanFactory     : Autowiring by type from bean name 'org.springframework.transaction.config.internalTransactionAdvisor' via factory method to bean named 'transactionAttributeSource'
2024-08-14T15:46:21.345+01:00 DEBUG 12624 --- [Auth-ClientSide-service] [           main] o.s.b.f.s.DefaultListableBeanFactory     : Autowiring by type from bean name 'org.springframework.transaction.config.internalTransactionAdvisor' via factory method to bean named 'transactionInterceptor'
2024-08-14T15:46:21.393+01:00 DEBUG 12624 --- [Auth-ClientSide-service] [           main] o.s.b.f.s.DefaultListableBeanFactory     : Creating shared instance of singleton bean 'configurationPropertiesBeans'
2024-08-14T15:46:21.396+01:00 DEBUG 12624 --- [Auth-ClientSide-service] [           main] o.s.b.f.s.DefaultListableBeanFactory     : Creating shared instance of singleton bean 'lbRestClientPostProcessor'
2024-08-14T15:46:21.396+01:00 DEBUG 12624 --- [Auth-ClientSide-service] [           main] o.s.b.f.s.DefaultListableBeanFactory     : Creating shared instance of singleton bean 'org.springframework.cloud.client.loadbalancer.LoadBalancerAutoConfiguration$DeferringLoadBalancerInterceptorConfig'
2024-08-14T15:46:21.397+01:00  WARN 12624 --- [Auth-ClientSide-service] [           main] trationDelegate$BeanPostProcessorChecker : Bean 'org.springframework.cloud.client.loadbalancer.LoadBalancerAutoConfiguration$DeferringLoadBalancerInterceptorConfig' of type [org.springframework.cloud.client.loadbalancer.LoadBalancerAutoConfiguration$DeferringLoadBalancerInterceptorConfig] is not eligible for getting processed by all BeanPostProcessors (for example: not eligible for auto-proxying). The currently created BeanPostProcessor [lbRestClientPostProcessor] is declared through a non-static factory method on that class; consider declaring it as static instead.
2024-08-14T15:46:21.399+01:00 DEBUG 12624 --- [Auth-ClientSide-service] [           main] o.s.b.f.s.DefaultListableBeanFactory     : Creating shared instance of singleton bean 'deferringLoadBalancerInterceptor'
2024-08-14T15:46:21.401+01:00  WARN 12624 --- [Auth-ClientSide-service] [           main] trationDelegate$BeanPostProcessorChecker : Bean 'deferringLoadBalancerInterceptor' of type [org.springframework.cloud.client.loadbalancer.DeferringLoadBalancerInterceptor] is not eligible for getting processed by all BeanPostProcessors (for example: not eligible for auto-proxying). Is this bean getting eagerly injected into a currently created BeanPostProcessor [lbRestClientPostProcessor]? Check the corresponding BeanPostProcessor declaration and its dependencies.
2024-08-14T15:46:21.404+01:00 DEBUG 12624 --- [Auth-ClientSide-service] [           main] o.s.b.f.s.DefaultListableBeanFactory     : Autowiring by type from bean name 'lbRestClientPostProcessor' via factory method to bean named 'deferringLoadBalancerInterceptor'
2024-08-14T15:46:21.404+01:00 DEBUG 12624 --- [Auth-ClientSide-service] [           main] o.s.b.f.s.DefaultListableBeanFactory     : Autowiring by type from bean name 'lbRestClientPostProcessor' via factory method to bean named 'org.springframework.web.context.support.GenericWebApplicationContext@57bd802b'
2024-08-14T15:46:21.412+01:00 DEBUG 12624 --- [Auth-ClientSide-service] [           main] o.s.u.c.s.UiApplicationContextUtils      : Unable to locate ThemeSource with name 'themeSource': using default [org.springframework.ui.context.support.ResourceBundleThemeSource@27bcb4ad]
2024-08-14T15:46:21.415+01:00 DEBUG 12624 --- [Auth-ClientSide-service] [           main] o.s.b.f.s.DefaultListableBeanFactory     : Creating shared instance of singleton bean 'dataSourceScriptDatabaseInitializer'
2024-08-14T15:46:21.415+01:00 DEBUG 12624 --- [Auth-ClientSide-service] [           main] o.s.b.f.s.DefaultListableBeanFactory     : Creating shared instance of singleton bean 'org.springframework.boot.autoconfigure.sql.init.DataSourceInitializationConfiguration'
2024-08-14T15:46:21.420+01:00 DEBUG 12624 --- [Auth-ClientSide-service] [           main] o.s.b.f.s.DefaultListableBeanFactory     : Creating shared instance of singleton bean 'dataSource'
2024-08-14T15:46:21.420+01:00 DEBUG 12624 --- [Auth-ClientSide-service] [           main] o.s.b.f.s.DefaultListableBeanFactory     : Creating shared instance of singleton bean 'org.springframework.boot.autoconfigure.jdbc.DataSourceConfiguration$Hikari'
2024-08-14T15:46:21.422+01:00 DEBUG 12624 --- [Auth-ClientSide-service] [           main] o.s.b.f.s.DefaultListableBeanFactory     : Creating shared instance of singleton bean 'spring.datasource-org.springframework.boot.autoconfigure.jdbc.DataSourceProperties'
2024-08-14T15:46:21.425+01:00 DEBUG 12624 --- [Auth-ClientSide-service] [           main] o.s.b.f.s.DefaultListableBeanFactory     : Creating shared instance of singleton bean 'org.springframework.boot.context.properties.BoundConfigurationProperties'
2024-08-14T15:46:21.434+01:00 DEBUG 12624 --- [Auth-ClientSide-service] [           main] o.s.b.f.s.DefaultListableBeanFactory     : Creating shared instance of singleton bean 'defaultsBindHandlerAdvisor'
2024-08-14T15:46:21.435+01:00 DEBUG 12624 --- [Auth-ClientSide-service] [           main] o.s.b.f.s.DefaultListableBeanFactory     : Creating shared instance of singleton bean 'org.springframework.cloud.commons.config.CommonsConfigAutoConfiguration'
2024-08-14T15:46:21.438+01:00 DEBUG 12624 --- [Auth-ClientSide-service] [           main] o.s.b.f.s.DefaultListableBeanFactory     : Creating shared instance of singleton bean 'loadBalancerClientsDefaultsMappingsProvider'
2024-08-14T15:46:21.440+01:00 DEBUG 12624 --- [Auth-ClientSide-service] [           main] o.s.b.f.s.DefaultListableBeanFactory     : Creating shared instance of singleton bean 'org.springframework.cloud.client.loadbalancer.LoadBalancerDefaultMappingsProviderAutoConfiguration'
2024-08-14T15:46:21.443+01:00 DEBUG 12624 --- [Auth-ClientSide-service] [           main] o.s.b.f.s.DefaultListableBeanFactory     : Autowiring by type from bean name 'defaultsBindHandlerAdvisor' via factory method to bean named 'loadBalancerClientsDefaultsMappingsProvider'
2024-08-14T15:46:21.481+01:00 DEBUG 12624 --- [Auth-ClientSide-service] [           main] o.s.b.f.s.DefaultListableBeanFactory     : Creating shared instance of singleton bean 'jdbcConnectionDetails'
2024-08-14T15:46:21.482+01:00 DEBUG 12624 --- [Auth-ClientSide-service] [           main] o.s.b.f.s.DefaultListableBeanFactory     : Creating shared instance of singleton bean 'org.springframework.boot.autoconfigure.jdbc.DataSourceAutoConfiguration$PooledDataSourceConfiguration'
2024-08-14T15:46:21.484+01:00 DEBUG 12624 --- [Auth-ClientSide-service] [           main] o.s.b.f.s.DefaultListableBeanFactory     : Autowiring by type from bean name 'jdbcConnectionDetails' via factory method to bean named 'spring.datasource-org.springframework.boot.autoconfigure.jdbc.DataSourceProperties'
2024-08-14T15:46:21.487+01:00 DEBUG 12624 --- [Auth-ClientSide-service] [           main] o.s.b.f.s.DefaultListableBeanFactory     : Autowiring by type from bean name 'dataSource' via factory method to bean named 'spring.datasource-org.springframework.boot.autoconfigure.jdbc.DataSourceProperties'
2024-08-14T15:46:21.487+01:00 DEBUG 12624 --- [Auth-ClientSide-service] [           main] o.s.b.f.s.DefaultListableBeanFactory     : Autowiring by type from bean name 'dataSource' via factory method to bean named 'jdbcConnectionDetails'
2024-08-14T15:46:21.564+01:00 DEBUG 12624 --- [Auth-ClientSide-service] [           main] o.s.b.f.s.DefaultListableBeanFactory     : Creating shared instance of singleton bean 'spring.sql.init-org.springframework.boot.autoconfigure.sql.init.SqlInitializationProperties'
2024-08-14T15:46:21.572+01:00 DEBUG 12624 --- [Auth-ClientSide-service] [           main] o.s.b.f.s.DefaultListableBeanFactory     : Autowiring by type from bean name 'dataSourceScriptDatabaseInitializer' via factory method to bean named 'dataSource'
2024-08-14T15:46:21.573+01:00 DEBUG 12624 --- [Auth-ClientSide-service] [           main] o.s.b.f.s.DefaultListableBeanFactory     : Autowiring by type from bean name 'dataSourceScriptDatabaseInitializer' via factory method to bean named 'spring.sql.init-org.springframework.boot.autoconfigure.sql.init.SqlInitializationProperties'
2024-08-14T15:46:21.583+01:00 DEBUG 12624 --- [Auth-ClientSide-service] [           main] o.s.b.f.s.DefaultListableBeanFactory     : Creating shared instance of singleton bean 'entityManagerFactory'
2024-08-14T15:46:21.583+01:00 DEBUG 12624 --- [Auth-ClientSide-service] [           main] o.s.b.f.s.DefaultListableBeanFactory     : Creating shared instance of singleton bean 'org.springframework.boot.autoconfigure.orm.jpa.HibernateJpaConfiguration'
2024-08-14T15:46:21.588+01:00 DEBUG 12624 --- [Auth-ClientSide-service] [           main] o.s.b.f.s.DefaultListableBeanFactory     : Creating shared instance of singleton bean 'spring.jpa-org.springframework.boot.autoconfigure.orm.jpa.JpaProperties'
2024-08-14T15:46:21.601+01:00 DEBUG 12624 --- [Auth-ClientSide-service] [           main] o.s.b.f.s.DefaultListableBeanFactory     : Creating shared instance of singleton bean 'spring.jpa.hibernate-org.springframework.boot.autoconfigure.orm.jpa.HibernateProperties'
2024-08-14T15:46:21.607+01:00 DEBUG 12624 --- [Auth-ClientSide-service] [           main] o.s.b.f.s.DefaultListableBeanFactory     : Autowiring by type from bean name 'org.springframework.boot.autoconfigure.orm.jpa.HibernateJpaConfiguration' via constructor to bean named 'dataSource'
2024-08-14T15:46:21.607+01:00 DEBUG 12624 --- [Auth-ClientSide-service] [           main] o.s.b.f.s.DefaultListableBeanFactory     : Autowiring by type from bean name 'org.springframework.boot.autoconfigure.orm.jpa.HibernateJpaConfiguration' via constructor to bean named 'spring.jpa-org.springframework.boot.autoconfigure.orm.jpa.JpaProperties'
2024-08-14T15:46:21.607+01:00 DEBUG 12624 --- [Auth-ClientSide-service] [           main] o.s.b.f.s.DefaultListableBeanFactory     : Autowiring by type from bean name 'org.springframework.boot.autoconfigure.orm.jpa.HibernateJpaConfiguration' via constructor to bean named 'org.springframework.beans.factory.support.DefaultListableBeanFactory@57ce634f'
2024-08-14T15:46:21.607+01:00 DEBUG 12624 --- [Auth-ClientSide-service] [           main] o.s.b.f.s.DefaultListableBeanFactory     : Autowiring by type from bean name 'org.springframework.boot.autoconfigure.orm.jpa.HibernateJpaConfiguration' via constructor to bean named 'spring.jpa.hibernate-org.springframework.boot.autoconfigure.orm.jpa.HibernateProperties'
2024-08-14T15:46:21.617+01:00 DEBUG 12624 --- [Auth-ClientSide-service] [           main] o.s.b.f.s.DefaultListableBeanFactory     : Creating shared instance of singleton bean 'hikariPoolDataSourceMetadataProvider'
2024-08-14T15:46:21.617+01:00 DEBUG 12624 --- [Auth-ClientSide-service] [           main] o.s.b.f.s.DefaultListableBeanFactory     : Creating shared instance of singleton bean 'org.springframework.boot.autoconfigure.jdbc.metadata.DataSourcePoolMetadataProvidersConfiguration$HikariPoolDataSourceMetadataProviderConfiguration'
2024-08-14T15:46:21.628+01:00 DEBUG 12624 --- [Auth-ClientSide-service] [           main] o.s.b.f.s.DefaultListableBeanFactory     : Creating shared instance of singleton bean 'entityManagerFactoryBuilder'
2024-08-14T15:46:21.631+01:00 DEBUG 12624 --- [Auth-ClientSide-service] [           main] o.s.b.f.s.DefaultListableBeanFactory     : Creating shared instance of singleton bean 'jpaVendorAdapter'
2024-08-14T15:46:21.668+01:00 DEBUG 12624 --- [Auth-ClientSide-service] [           main] o.s.b.f.s.DefaultListableBeanFactory     : Autowiring by type from bean name 'entityManagerFactoryBuilder' via factory method to bean named 'jpaVendorAdapter'
2024-08-14T15:46:21.680+01:00 DEBUG 12624 --- [Auth-ClientSide-service] [           main] o.s.b.f.s.DefaultListableBeanFactory     : Creating shared instance of singleton bean 'persistenceManagedTypes'
2024-08-14T15:46:21.683+01:00 DEBUG 12624 --- [Auth-ClientSide-service] [           main] o.s.b.f.s.DefaultListableBeanFactory     : Autowiring by type from bean name 'persistenceManagedTypes' via factory method to bean named 'org.springframework.beans.factory.support.DefaultListableBeanFactory@57ce634f'
2024-08-14T15:46:21.683+01:00 DEBUG 12624 --- [Auth-ClientSide-service] [           main] o.s.b.f.s.DefaultListableBeanFactory     : Autowiring by type from bean name 'persistenceManagedTypes' via factory method to bean named 'org.springframework.web.context.support.GenericWebApplicationContext@57bd802b'
2024-08-14T15:46:21.708+01:00 DEBUG 12624 --- [Auth-ClientSide-service] [           main] o.s.b.f.s.DefaultListableBeanFactory     : Autowiring by type from bean name 'entityManagerFactory' via factory method to bean named 'entityManagerFactoryBuilder'
2024-08-14T15:46:21.708+01:00 DEBUG 12624 --- [Auth-ClientSide-service] [           main] o.s.b.f.s.DefaultListableBeanFactory     : Autowiring by type from bean name 'entityManagerFactory' via factory method to bean named 'persistenceManagedTypes'
2024-08-14T15:46:21.775+01:00 DEBUG 12624 --- [Auth-ClientSide-service] [           main] j.LocalContainerEntityManagerFactoryBean : Building JPA container EntityManagerFactory for persistence unit 'default'
2024-08-14T15:46:21.894+01:00  INFO 12624 --- [Auth-ClientSide-service] [           main] o.hibernate.jpa.internal.util.LogHelper  : HHH000204: Processing PersistenceUnitInfo [name: default]
2024-08-14T15:46:22.038+01:00  INFO 12624 --- [Auth-ClientSide-service] [           main] org.hibernate.Version                    : HHH000412: Hibernate ORM core version 6.5.2.Final
2024-08-14T15:46:22.139+01:00  INFO 12624 --- [Auth-ClientSide-service] [           main] o.h.c.internal.RegionFactoryInitiator    : HHH000026: Second-level cache disabled
2024-08-14T15:46:22.733+01:00  INFO 12624 --- [Auth-ClientSide-service] [           main] o.s.o.j.p.SpringPersistenceUnitInfo      : No LoadTimeWeaver setup: ignoring JPA class transformer
2024-08-14T15:46:22.770+01:00  INFO 12624 --- [Auth-ClientSide-service] [           main] com.zaxxer.hikari.HikariDataSource       : HikariPool-1 - Starting...
2024-08-14T15:46:25.181+01:00  INFO 12624 --- [Auth-ClientSide-service] [           main] com.zaxxer.hikari.pool.HikariPool        : HikariPool-1 - Added connection org.postgresql.jdbc.PgConnection@701c482e
2024-08-14T15:46:25.184+01:00  INFO 12624 --- [Auth-ClientSide-service] [           main] com.zaxxer.hikari.HikariDataSource       : HikariPool-1 - Start completed.
2024-08-14T15:46:25.421+01:00  WARN 12624 --- [Auth-ClientSide-service] [           main] org.hibernate.orm.deprecation            : HHH90000025: PostgreSQLDialect does not need to be specified explicitly using 'hibernate.dialect' (remove the property setting and it will be selected by default)
2024-08-14T15:46:27.322+01:00  INFO 12624 --- [Auth-ClientSide-service] [           main] o.h.e.t.j.p.i.JtaPlatformInitiator       : HHH000489: No JTA platform available (set 'hibernate.transaction.jta.platform' to enable JTA platform integration)
2024-08-14T15:46:43.948+01:00  INFO 12624 --- [Auth-ClientSide-service] [           main] j.LocalContainerEntityManagerFactoryBean : Initialized JPA EntityManagerFactory for persistence unit 'default'
2024-08-14T15:46:43.952+01:00 DEBUG 12624 --- [Auth-ClientSide-service] [           main] o.s.b.f.s.DefaultListableBeanFactory     : Creating shared instance of singleton bean 'authenticationApplication'
2024-08-14T15:46:43.954+01:00 DEBUG 12624 --- [Auth-ClientSide-service] [           main] o.s.b.f.s.DefaultListableBeanFactory     : Creating shared instance of singleton bean 'authController'
2024-08-14T15:46:43.970+01:00 DEBUG 12624 --- [Auth-ClientSide-service] [           main] o.s.b.f.s.DefaultListableBeanFactory     : Creating shared instance of singleton bean 'userServiceImpl'
2024-08-14T15:46:43.975+01:00 DEBUG 12624 --- [Auth-ClientSide-service] [           main] o.s.b.f.s.DefaultListableBeanFactory     : Creating shared instance of singleton bean 'modelMapper'
2024-08-14T15:46:43.976+01:00 DEBUG 12624 --- [Auth-ClientSide-service] [           main] o.s.b.f.s.DefaultListableBeanFactory     : Creating shared instance of singleton bean 'modelMapperConfig'
2024-08-14T15:46:44.009+01:00 DEBUG 12624 --- [Auth-ClientSide-service] [           main] o.s.b.f.s.DefaultListableBeanFactory     : Creating shared instance of singleton bean 'brokerMessagingTemplate'
2024-08-14T15:46:44.009+01:00 DEBUG 12624 --- [Auth-ClientSide-service] [           main] o.s.b.f.s.DefaultListableBeanFactory     : Creating shared instance of singleton bean 'org.springframework.web.socket.config.annotation.DelegatingWebSocketMessageBrokerConfiguration'
2024-08-14T15:46:44.012+01:00 DEBUG 12624 --- [Auth-ClientSide-service] [           main] o.s.b.f.s.DefaultListableBeanFactory     : Creating shared instance of singleton bean 'webSocketConfig'
2024-08-14T15:46:44.013+01:00 DEBUG 12624 --- [Auth-ClientSide-service] [           main] o.s.b.f.s.DefaultListableBeanFactory     : Creating shared instance of singleton bean 'org.springframework.boot.autoconfigure.websocket.servlet.WebSocketMessagingAutoConfiguration$WebSocketMessageConverterConfiguration'
2024-08-14T15:46:44.014+01:00 DEBUG 12624 --- [Auth-ClientSide-service] [           main] o.s.b.f.s.DefaultListableBeanFactory     : Creating shared instance of singleton bean 'getObjectMapper'
2024-08-14T15:46:44.014+01:00 DEBUG 12624 --- [Auth-ClientSide-service] [           main] o.s.b.f.s.DefaultListableBeanFactory     : Creating shared instance of singleton bean 'objectMapperConfig'
2024-08-14T15:46:44.037+01:00 DEBUG 12624 --- [Auth-ClientSide-service] [           main] o.s.b.f.s.DefaultListableBeanFactory     : Autowiring by type from bean name 'org.springframework.boot.autoconfigure.websocket.servlet.WebSocketMessagingAutoConfiguration$WebSocketMessageConverterConfiguration' via constructor to bean named 'getObjectMapper'
2024-08-14T15:46:44.041+01:00 DEBUG 12624 --- [Auth-ClientSide-service] [           main] o.s.b.f.s.DefaultListableBeanFactory     : Creating shared instance of singleton bean 'brokerChannel'
2024-08-14T15:46:44.041+01:00 DEBUG 12624 --- [Auth-ClientSide-service] [           main] o.s.b.f.s.DefaultListableBeanFactory     : Creating shared instance of singleton bean 'clientInboundChannel'
2024-08-14T15:46:44.044+01:00 DEBUG 12624 --- [Auth-ClientSide-service] [           main] o.s.b.f.s.DefaultListableBeanFactory     : Creating shared instance of singleton bean 'clientInboundChannelExecutor'
2024-08-14T15:46:44.051+01:00 DEBUG 12624 --- [Auth-ClientSide-service] [           main] o.s.s.concurrent.ThreadPoolTaskExecutor  : Initializing ExecutorService 'clientInboundChannelExecutor'
2024-08-14T15:46:44.053+01:00 DEBUG 12624 --- [Auth-ClientSide-service] [           main] o.s.b.f.s.DefaultListableBeanFactory     : Autowiring by type from bean name 'clientInboundChannel' via factory method to bean named 'clientInboundChannelExecutor'
2024-08-14T15:46:44.061+01:00 DEBUG 12624 --- [Auth-ClientSide-service] [           main] o.s.b.f.s.DefaultListableBeanFactory     : Creating shared instance of singleton bean 'clientOutboundChannel'
2024-08-14T15:46:44.062+01:00 DEBUG 12624 --- [Auth-ClientSide-service] [           main] o.s.b.f.s.DefaultListableBeanFactory     : Creating shared instance of singleton bean 'clientOutboundChannelExecutor'
2024-08-14T15:46:44.063+01:00 DEBUG 12624 --- [Auth-ClientSide-service] [           main] o.s.s.concurrent.ThreadPoolTaskExecutor  : Initializing ExecutorService 'clientOutboundChannelExecutor'
2024-08-14T15:46:44.063+01:00 DEBUG 12624 --- [Auth-ClientSide-service] [           main] o.s.b.f.s.DefaultListableBeanFactory     : Autowiring by type from bean name 'clientOutboundChannel' via factory method to bean named 'clientOutboundChannelExecutor'
2024-08-14T15:46:44.064+01:00 DEBUG 12624 --- [Auth-ClientSide-service] [           main] o.s.b.f.s.DefaultListableBeanFactory     : Creating shared instance of singleton bean 'brokerChannelExecutor'
2024-08-14T15:46:44.065+01:00 DEBUG 12624 --- [Auth-ClientSide-service] [           main] o.s.b.f.s.DefaultListableBeanFactory     : Autowiring by type from bean name 'brokerChannelExecutor' via factory method to bean named 'clientInboundChannel'
2024-08-14T15:46:44.065+01:00 DEBUG 12624 --- [Auth-ClientSide-service] [           main] o.s.b.f.s.DefaultListableBeanFactory     : Autowiring by type from bean name 'brokerChannelExecutor' via factory method to bean named 'clientOutboundChannel'
2024-08-14T15:46:44.071+01:00 DEBUG 12624 --- [Auth-ClientSide-service] [           main] o.s.s.concurrent.ThreadPoolTaskExecutor  : Initializing ExecutorService 'brokerChannelExecutor'
2024-08-14T15:46:44.072+01:00 DEBUG 12624 --- [Auth-ClientSide-service] [           main] o.s.b.f.s.DefaultListableBeanFactory     : Autowiring by type from bean name 'brokerChannel' via factory method to bean named 'clientInboundChannel'
2024-08-14T15:46:44.072+01:00 DEBUG 12624 --- [Auth-ClientSide-service] [           main] o.s.b.f.s.DefaultListableBeanFactory     : Autowiring by type from bean name 'brokerChannel' via factory method to bean named 'clientOutboundChannel'
[...]

   SendGridAutoConfiguration:
      Did not match:
         - @ConditionalOnClass did not find required class 'com.sendgrid.SendGrid' (OnClassCondition)

   ServiceRegistryAutoConfiguration.ServiceRegistryEndpointConfiguration:
      Did not match:
         - @ConditionalOnClass did not find required class 'org.springframework.boot.actuate.endpoint.annotation.Endpoint' (OnClassCondition)

   ServletWebServerFactoryAutoConfiguration.ForwardedHeaderFilterConfiguration:
      Did not match:
         - @ConditionalOnProperty (server.forward-headers-strategy=framework) did not find property 'server.forward-headers-strategy' (OnPropertyCondition)

   ServletWebServerFactoryConfiguration.EmbeddedJetty:
      Did not match:
         - @ConditionalOnClass did not find required classes 'org.eclipse.jetty.server.Server', 'org.eclipse.jetty.util.Loader', 'org.eclipse.jetty.ee10.webapp.WebAppContext' (OnClassCondition)

   ServletWebServerFactoryConfiguration.EmbeddedUndertow:
      Did not match:
         - @ConditionalOnClass did not find required classes 'io.undertow.Undertow', 'org.xnio.SslClientAuthMode' (OnClassCondition)

   SessionAutoConfiguration.ReactiveSessionConfiguration:
      Did not match:
         - did not find reactive web application classes (OnWebApplicationCondition)

   SessionRepositoryFilterConfiguration:
      Did not match:
         - @ConditionalOnBean (types: org.springframework.session.web.http.SessionRepositoryFilter; SearchStrategy: all) did not find any beans of type org.springframework.session.web.http.SessionRepositoryFilter (OnBeanCondition)

   SimpleReactiveDiscoveryClientAutoConfiguration:
      Did not match:
         - @ConditionalOnClass did not find required class 'org.springframework.web.reactive.function.client.WebClient' (OnClassCondition)

   SpringApplicationAdminJmxAutoConfiguration:
      Did not match:
         - @ConditionalOnProperty (spring.application.admin.enabled=true) did not find property 'enabled' (OnPropertyCondition)

   SpringBootWebSecurityConfiguration.SecurityFilterChainConfiguration:
      Did not match:
         - AllNestedConditions 1 matched 1 did not; NestedCondition on DefaultWebSecurityCondition.Beans @ConditionalOnMissingBean (types: org.springframework.security.web.SecurityFilterChain; SearchStrategy: all) found beans of type 'org.springframework.security.web.SecurityFilterChain' applicationSecurity; NestedCondition on DefaultWebSecurityCondition.Classes @ConditionalOnClass found required classes 'org.springframework.security.web.SecurityFilterChain', 'org.springframework.security.config.annotation.web.builders.HttpSecurity' (DefaultWebSecurityCondition)

   SpringBootWebSecurityConfiguration.WebSecurityEnablerConfiguration:
      Did not match:
         - @ConditionalOnMissingBean (names: springSecurityFilterChain; SearchStrategy: all) found beans named springSecurityFilterChain (OnBeanCondition)
      Matched:
         - @ConditionalOnClass found required class 'org.springframework.security.config.annotation.web.configuration.EnableWebSecurity' (OnClassCondition)

   TaskExecutorConfigurations.SimpleAsyncTaskExecutorBuilderConfiguration#simpleAsyncTaskExecutorBuilderVirtualThreads:
      Did not match:
         - @ConditionalOnMissingBean (types: org.springframework.boot.task.SimpleAsyncTaskExecutorBuilder; SearchStrategy: all) found beans of type 'org.springframework.boot.task.SimpleAsyncTaskExecutorBuilder' simpleAsyncTaskExecutorBuilder (OnBeanCondition)

   TaskExecutorConfigurations.TaskExecutorConfiguration:
      Did not match:
         - @ConditionalOnMissingBean (types: java.util.concurrent.Executor; SearchStrategy: all) found beans of type 'java.util.concurrent.Executor' clientInboundChannelExecutor, clientOutboundChannelExecutor, brokerChannelExecutor (OnBeanCondition)

   TaskSchedulingAutoConfiguration#scheduledBeanLazyInitializationExcludeFilter:
      Did not match:
         - @ConditionalOnBean (names: org.springframework.context.annotation.internalScheduledAnnotationProcessor; SearchStrategy: all) did not find any beans named org.springframework.context.annotation.internalScheduledAnnotationProcessor (OnBeanCondition)

   TaskSchedulingConfigurations.SimpleAsyncTaskSchedulerBuilderConfiguration#simpleAsyncTaskSchedulerBuilderVirtualThreads:
      Did not match:
         - @ConditionalOnMissingBean (types: org.springframework.boot.task.SimpleAsyncTaskSchedulerBuilder; SearchStrategy: all) found beans of type 'org.springframework.boot.task.SimpleAsyncTaskSchedulerBuilder' simpleAsyncTaskSchedulerBuilder (OnBeanCondition)

   TaskSchedulingConfigurations.TaskSchedulerConfiguration:
      Did not match:
         - @ConditionalOnBean (names: org.springframework.context.annotation.internalScheduledAnnotationProcessor; SearchStrategy: all) did not find any beans named org.springframework.context.annotation.internalScheduledAnnotationProcessor (OnBeanCondition)

   ThymeleafAutoConfiguration:
      Did not match:
         - @ConditionalOnClass did not find required class 'org.thymeleaf.spring6.SpringTemplateEngine' (OnClassCondition)

   TransactionAutoConfiguration#transactionalOperator:
      Did not match:
         - @ConditionalOnSingleCandidate (types: org.springframework.transaction.ReactiveTransactionManager; SearchStrategy: all) did not find any beans (OnBeanCondition)

   TransactionAutoConfiguration.AspectJTransactionManagementConfiguration:
      Did not match:
         - @ConditionalOnBean (types: org.springframework.transaction.aspectj.AbstractTransactionAspect; SearchStrategy: all) did not find any beans of type org.springframework.transaction.aspectj.AbstractTransactionAspect (OnBeanCondition)

   TransactionAutoConfiguration.EnableTransactionManagementConfiguration.JdkDynamicAutoProxyConfiguration:
      Did not match:
         - @ConditionalOnProperty (spring.aop.proxy-target-class=false) did not find property 'proxy-target-class' (OnPropertyCondition)

   UserDetailsServiceAutoConfiguration:
      Did not match:
         - @ConditionalOnMissingBean (types: org.springframework.security.authentication.AuthenticationManager,org.springframework.security.authentication.AuthenticationProvider,org.springframework.security.core.userdetails.UserDetailsService,org.springframework.security.authentication.AuthenticationManagerResolver,org.springframework.security.oauth2.jwt.JwtDecoder; SearchStrategy: all) found beans of type 'org.springframework.security.authentication.AuthenticationManager' authenticationManager and found beans of type 'org.springframework.security.core.userdetails.UserDetailsService' customUserDetailService (OnBeanCondition)
      Matched:
         - @ConditionalOnClass found required class 'org.springframework.security.authentication.AuthenticationManager' (OnClassCondition)
         - AnyNestedCondition 1 matched 2 did not; NestedCondition on UserDetailsServiceAutoConfiguration.MissingAlternativeOrUserPropertiesConfigured.PasswordConfigured @ConditionalOnProperty (spring.security.user.password) did not find property 'password'; NestedCondition on UserDetailsServiceAutoConfiguration.MissingAlternativeOrUserPropertiesConfigured.NameConfigured @ConditionalOnProperty (spring.security.user.name) did not find property 'name'; NestedCondition on UserDetailsServiceAutoConfiguration.MissingAlternativeOrUserPropertiesConfigured.MissingAlternative @ConditionalOnMissingClass did not find unwanted classes 'org.springframework.security.oauth2.client.registration.ClientRegistrationRepository', 'org.springframework.security.oauth2.server.resource.introspection.OpaqueTokenIntrospector', 'org.springframework.security.saml2.provider.service.registration.RelyingPartyRegistrationRepository' (UserDetailsServiceAutoConfiguration.MissingAlternativeOrUserPropertiesConfigured)

   WebClientAutoConfiguration:
      Did not match:
         - @ConditionalOnClass did not find required class 'org.springframework.web.reactive.function.client.WebClient' (OnClassCondition)

   WebFluxAutoConfiguration:
      Did not match:
         - @ConditionalOnClass did not find required class 'org.springframework.web.reactive.config.WebFluxConfigurer' (OnClassCondition)

   WebMvcAutoConfiguration#hiddenHttpMethodFilter:
      Did not match:
         - @ConditionalOnProperty (spring.mvc.hiddenmethod.filter.enabled) did not find property 'enabled' (OnPropertyCondition)

   WebMvcAutoConfiguration.ProblemDetailsErrorHandlingConfiguration:
      Did not match:
         - @ConditionalOnProperty (spring.mvc.problemdetails.enabled=true) did not find property 'enabled' (OnPropertyCondition)

   WebMvcAutoConfiguration.ResourceChainCustomizerConfiguration:
      Did not match:
         - @ConditionalOnEnabledResourceChain did not find class org.webjars.WebJarAssetLocator (OnEnabledResourceChainCondition)

   WebMvcAutoConfiguration.WebMvcAutoConfigurationAdapter#beanNameViewResolver:
      Did not match:
         - @ConditionalOnMissingBean (types: org.springframework.web.servlet.view.BeanNameViewResolver; SearchStrategy: all) found beans of type 'org.springframework.web.servlet.view.BeanNameViewResolver' beanNameViewResolver (OnBeanCondition)

   WebServiceTemplateAutoConfiguration:
      Did not match:
         - @ConditionalOnClass did not find required class 'org.springframework.oxm.Marshaller' (OnClassCondition)

   WebServicesAutoConfiguration:
      Did not match:
         - @ConditionalOnClass did not find required class 'org.springframework.ws.transport.http.MessageDispatcherServlet' (OnClassCondition)

   WebSessionIdResolverAutoConfiguration:
      Did not match:
         - @ConditionalOnWebApplication did not find reactive web application classes (OnWebApplicationCondition)

   WebSocketReactiveAutoConfiguration:
      Did not match:
         - @ConditionalOnWebApplication did not find reactive web application classes (OnWebApplicationCondition)

   WebSocketServletAutoConfiguration.JettyWebSocketConfiguration:
      Did not match:
         - @ConditionalOnClass did not find required class 'org.eclipse.jetty.ee10.websocket.jakarta.server.config.JakartaWebSocketServletContainerInitializer' (OnClassCondition)

   WebSocketServletAutoConfiguration.UndertowWebSocketConfiguration:
      Did not match:
         - @ConditionalOnClass did not find required class 'io.undertow.websockets.jsr.Bootstrap' (OnClassCondition)

   WritableEnvironmentEndpointAutoConfiguration:
      Did not match:
         - @ConditionalOnClass did not find required class 'org.springframework.boot.actuate.autoconfigure.env.EnvironmentEndpointProperties' (OnClassCondition)

   XADataSourceAutoConfiguration:
      Did not match:
         - @ConditionalOnBean (types: org.springframework.boot.jdbc.XADataSourceWrapper; SearchStrategy: all) did not find any beans of type org.springframework.boot.jdbc.XADataSourceWrapper (OnBeanCondition)
      Matched:
         - @ConditionalOnClass found required classes 'javax.sql.DataSource', 'jakarta.transaction.TransactionManager', 'org.springframework.jdbc.datasource.embedded.EmbeddedDatabaseType' (OnClassCondition)


Exclusions:
-----------

    None


Unconditional classes:
----------------------

    org.springframework.boot.autoconfigure.context.ConfigurationPropertiesAutoConfiguration

    org.springframework.cloud.client.ReactiveCommonsClientAutoConfiguration

    org.springframework.boot.autoconfigure.ssl.SslAutoConfiguration

    org.springframework.boot.autoconfigure.context.PropertyPlaceholderAutoConfiguration

    org.springframework.cloud.client.discovery.simple.SimpleDiscoveryClientAutoConfiguration

    org.springframework.boot.autoconfigure.context.LifecycleAutoConfiguration

    org.springframework.cloud.client.CommonsClientAutoConfiguration

    org.springframework.cloud.commons.config.CommonsConfigAutoConfiguration

    org.springframework.cloud.netflix.eureka.config.DiscoveryClientOptionalArgsConfiguration

    org.springframework.cloud.client.loadbalancer.LoadBalancerDefaultMappingsProviderAutoConfiguration

    org.springframework.cloud.client.discovery.composite.CompositeDiscoveryClientAutoConfiguration

    org.springframework.cloud.client.serviceregistry.ServiceRegistryAutoConfiguration

    org.springframework.cloud.autoconfigure.LifecycleMvcEndpointAutoConfiguration

    org.springframework.boot.autoconfigure.availability.ApplicationAvailabilityAutoConfiguration

    org.springframework.boot.autoconfigure.info.ProjectInfoAutoConfiguration



2024-08-14T15:46:49.922+01:00  INFO 12624 --- [Auth-ClientSide-service] [           main] c.w.AuthentificationApplicationTests     : Started AuthentificationApplicationTests in 32.561 seconds (process running for 34.172)
2024-08-14T15:46:49.924+01:00 DEBUG 12624 --- [Auth-ClientSide-service] [           main] o.s.b.a.ApplicationAvailabilityBean      : Application availability state LivenessState changed to CORRECT
2024-08-14T15:46:49.930+01:00 DEBUG 12624 --- [Auth-ClientSide-service] [           main] o.s.b.a.ApplicationAvailabilityBean      : Application availability state ReadinessState changed to ACCEPTING_TRAFFIC
2024-08-14T15:46:49.934+01:00 DEBUG 12624 --- [Auth-ClientSide-service] [           main] org.springframework.test.context.cache   : Spring test ApplicationContext cache statistics: [DefaultContextCache@202001a4 size = 1, maxSize = 32, parentContextCount = 0, hitCount = 0, missCount = 1, failureCount = 0]
2024-08-14T15:46:49.935+01:00 DEBUG 12624 --- [Auth-ClientSide-service] [           main] o.s.t.c.w.ServletTestExecutionListener   : Setting up MockHttpServletRequest, MockHttpServletResponse, ServletWebRequest, and RequestContextHolder for test class com.wholesaled.AuthentificationApplicationTests
2024-08-14T15:46:49.939+01:00 DEBUG 12624 --- [Auth-ClientSide-service] [nfoReplicator-0] o.s.web.client.RestTemplate              : Writing [InstanceInfo [instanceId = DESKTOP-NMBILJD:Auth-ClientSide-service:9000, appName = AUTH-CLIENTSIDE-SERVICE, hostName = DESKTOP-NMBILJD, status = UP, ipAddr = 172.28.128.1, port = 9000, securePort = 443, dataCenterInfo = com.netflix.appinfo.MyDataCenterInfo@2182cd7c] as "application/json"
2024-08-14T15:46:49.951+01:00 DEBUG 12624 --- [Auth-ClientSide-service] [           main] DependencyInjectionTestExecutionListener : Performing dependency injection for test class com.wholesaled.AuthentificationApplicationTests
2024-08-14T15:46:49.951+01:00 DEBUG 12624 --- [Auth-ClientSide-service] [           main] org.springframework.test.context.cache   : Spring test ApplicationContext cache statistics: [DefaultContextCache@202001a4 size = 1, maxSize = 32, parentContextCount = 0, hitCount = 1, missCount = 1, failureCount = 0]
2024-08-14T15:46:49.952+01:00 DEBUG 12624 --- [Auth-ClientSide-service] [           main] org.springframework.test.context.cache   : Spring test ApplicationContext cache statistics: [DefaultContextCache@202001a4 size = 1, maxSize = 32, parentContextCount = 0, hitCount = 2, missCount = 1, failureCount = 0]
2024-08-14T15:46:49.960+01:00 DEBUG 12624 --- [Auth-ClientSide-service] [           main] sContextBeforeModesTestExecutionListener : Before test method: class [AuthentificationApplicationTests], method [contextLoads], class annotated with @DirtiesContext [false] with mode [null], method annotated with @DirtiesContext [false] with mode [null]
2024-08-14T15:46:49.963+01:00 DEBUG 12624 --- [Auth-ClientSide-service] [           main] org.springframework.test.context.cache   : Spring test ApplicationContext cache statistics: [DefaultContextCache@202001a4 size = 1, maxSize = 32, parentContextCount = 0, hitCount = 3, missCount = 1, failureCount = 0]
2024-08-14T15:46:49.974+01:00 DEBUG 12624 --- [Auth-ClientSide-service] [           main] org.springframework.test.context.cache   : Spring test ApplicationContext cache statistics: [DefaultContextCache@202001a4 size = 1, maxSize = 32, parentContextCount = 0, hitCount = 4, missCount = 1, failureCount = 0]
2024-08-14T15:46:50.295+01:00 DEBUG 12624 --- [Auth-ClientSide-service] [nfoReplicator-0] o.s.web.client.RestTemplate              : Response 204 NO_CONTENT
2024-08-14T15:46:50.295+01:00  INFO 12624 --- [Auth-ClientSide-service] [nfoReplicator-0] com.netflix.discovery.DiscoveryClient    : DiscoveryClient_AUTH-CLIENTSIDE-SERVICE/DESKTOP-NMBILJD:Auth-ClientSide-service:9000 - registration status: 204
2024-08-14T15:46:50.499+01:00 DEBUG 12624 --- [Auth-ClientSide-service] [           main] org.springframework.test.context.cache   : Spring test ApplicationContext cache statistics: [DefaultContextCache@202001a4 size = 1, maxSize = 32, parentContextCount = 0, hitCount = 5, missCount = 1, failureCount = 0]
2024-08-14T15:46:50.505+01:00 DEBUG 12624 --- [Auth-ClientSide-service] [           main] org.springframework.test.context.cache   : Spring test ApplicationContext cache statistics: [DefaultContextCache@202001a4 size = 1, maxSize = 32, parentContextCount = 0, hitCount = 6, missCount = 1, failureCount = 0]
2024-08-14T15:46:50.507+01:00 DEBUG 12624 --- [Auth-ClientSide-service] [           main] org.springframework.test.context.cache   : Spring test ApplicationContext cache statistics: [DefaultContextCache@202001a4 size = 1, maxSize = 32, parentContextCount = 0, hitCount = 7, missCount = 1, failureCount = 0]
2024-08-14T15:46:50.507+01:00 DEBUG 12624 --- [Auth-ClientSide-service] [           main] org.springframework.test.context.cache   : Spring test ApplicationContext cache statistics: [DefaultContextCache@202001a4 size = 1, maxSize = 32, parentContextCount = 0, hitCount = 8, missCount = 1, failureCount = 0]
2024-08-14T15:46:50.508+01:00 DEBUG 12624 --- [Auth-ClientSide-service] [           main] org.springframework.test.context.cache   : Spring test ApplicationContext cache statistics: [DefaultContextCache@202001a4 size = 1, maxSize = 32, parentContextCount = 0, hitCount = 9, missCount = 1, failureCount = 0]
2024-08-14T15:46:50.509+01:00 DEBUG 12624 --- [Auth-ClientSide-service] [           main] org.springframework.test.context.cache   : Spring test ApplicationContext cache statistics: [DefaultContextCache@202001a4 size = 1, maxSize = 32, parentContextCount = 0, hitCount = 10, missCount = 1, failureCount = 0]
2024-08-14T15:46:50.512+01:00 DEBUG 12624 --- [Auth-ClientSide-service] [           main] org.springframework.test.context.cache   : Spring test ApplicationContext cache statistics: [DefaultContextCache@202001a4 size = 1, maxSize = 32, parentContextCount = 0, hitCount = 11, missCount = 1, failureCount = 0]
2024-08-14T15:46:50.513+01:00 DEBUG 12624 --- [Auth-ClientSide-service] [           main] org.springframework.test.context.cache   : Spring test ApplicationContext cache statistics: [DefaultContextCache@202001a4 size = 1, maxSize = 32, parentContextCount = 0, hitCount = 12, missCount = 1, failureCount = 0]
2024-08-14T15:46:50.514+01:00 DEBUG 12624 --- [Auth-ClientSide-service] [           main] .c.s.DirtiesContextTestExecutionListener : After test method: class [AuthentificationApplicationTests], method [contextLoads], class annotated with @DirtiesContext [false] with mode [null], method annotated with @DirtiesContext [false] with mode [null]
2024-08-14T15:46:50.514+01:00 DEBUG 12624 --- [Auth-ClientSide-service] [           main] o.s.t.c.w.ServletTestExecutionListener   : Resetting RequestContextHolder for test class com.wholesaled.AuthentificationApplicationTests
]]></system-out>
    <system-err><![CDATA[WARNING: A Java agent has been loaded dynamically (C:\Users\HP\.m2\repository\net\bytebuddy\byte-buddy-agent\1.14.18\byte-buddy-agent-1.14.18.jar)
WARNING: If a serviceability tool is in use, please run with -XX:+EnableDynamicAgentLoading to hide this warning
WARNING: If a serviceability tool is not in use, please run with -Djdk.instrument.traceUsage for more information
WARNING: Dynamic loading of agents will be disallowed by default in a future release
]]></system-err>
  </testcase>
</testsuite>